[0.632s] DEBUG:colcon:Command line arguments: ['/usr/bin/colcon', 'build', '--packages-select', 'mavros_area_planner']
[0.632s] DEBUG:colcon:Parsed command line arguments: Namespace(log_base=None, log_level=None, verb_name='build', build_base='build', install_base='install', merge_install=False, symlink_install=False, test_result_base=None, continue_on_error=False, executor='parallel', parallel_workers=8, event_handlers=None, ignore_user_meta=False, metas=['./colcon.meta'], base_paths=['.'], packages_ignore=None, packages_ignore_regex=None, paths=None, packages_up_to=None, packages_up_to_regex=None, packages_above=None, packages_above_and_dependencies=None, packages_above_depth=None, packages_select_by_dep=None, packages_skip_by_dep=None, packages_skip_up_to=None, packages_select_build_failed=False, packages_skip_build_finished=False, packages_select_test_failures=False, packages_skip_test_passed=False, packages_select=['mavros_area_planner'], packages_skip=None, packages_select_regex=None, packages_skip_regex=None, packages_start=None, packages_end=None, allow_overriding=[], cmake_args=None, cmake_target=None, cmake_target_skip_unavailable=False, cmake_clean_cache=False, cmake_clean_first=False, cmake_force_configure=False, ament_cmake_args=None, catkin_cmake_args=None, catkin_skip_building_tests=False, verb_parser=<colcon_defaults.argument_parser.defaults.DefaultArgumentsDecorator object at 0xffff9c3fcc10>, verb_extension=<colcon_core.verb.build.BuildVerb object at 0xffff9c3fc820>, main=<bound method BuildVerb.main of <colcon_core.verb.build.BuildVerb object at 0xffff9c3fc820>>)
[0.900s] Level 1:colcon.colcon_core.package_discovery:discover_packages(colcon_meta) check parameters
[0.901s] Level 1:colcon.colcon_core.package_discovery:discover_packages(recursive) check parameters
[0.901s] Level 1:colcon.colcon_core.package_discovery:discover_packages(ignore) check parameters
[0.902s] Level 1:colcon.colcon_core.package_discovery:discover_packages(path) check parameters
[0.902s] Level 1:colcon.colcon_core.package_discovery:discover_packages(colcon_meta) discover
[0.902s] Level 1:colcon.colcon_core.package_discovery:discover_packages(recursive) discover
[0.903s] INFO:colcon.colcon_core.package_discovery:Crawling recursively for packages in '/home/sunrise/workspace/fly'
[0.903s] Level 1:colcon.colcon_core.package_identification:_identify(.) by extensions ['ignore', 'ignore_ament_install']
[0.904s] Level 1:colcon.colcon_core.package_identification:_identify(.) by extension 'ignore'
[0.905s] Level 1:colcon.colcon_core.package_identification:_identify(.) by extension 'ignore_ament_install'
[0.905s] Level 1:colcon.colcon_core.package_identification:_identify(.) by extensions ['colcon_pkg']
[0.906s] Level 1:colcon.colcon_core.package_identification:_identify(.) by extension 'colcon_pkg'
[0.906s] Level 1:colcon.colcon_core.package_identification:_identify(.) by extensions ['colcon_meta']
[0.906s] Level 1:colcon.colcon_core.package_identification:_identify(.) by extension 'colcon_meta'
[0.906s] Level 1:colcon.colcon_core.package_identification:_identify(.) by extensions ['ros']
[0.907s] Level 1:colcon.colcon_core.package_identification:_identify(.) by extension 'ros'
[1.013s] Level 1:colcon.colcon_core.package_identification:_identify(.) by extensions ['cmake', 'python']
[1.014s] Level 1:colcon.colcon_core.package_identification:_identify(.) by extension 'cmake'
[1.014s] Level 1:colcon.colcon_core.package_identification:_identify(.) by extension 'python'
[1.014s] Level 1:colcon.colcon_core.package_identification:_identify(.) by extensions ['python_setup_py']
[1.015s] Level 1:colcon.colcon_core.package_identification:_identify(.) by extension 'python_setup_py'
[1.015s] Level 1:colcon.colcon_core.package_identification:_identify(build) by extensions ['ignore', 'ignore_ament_install']
[1.016s] Level 1:colcon.colcon_core.package_identification:_identify(build) by extension 'ignore'
[1.016s] Level 1:colcon.colcon_core.package_identification:_identify(build) ignored
[1.017s] Level 1:colcon.colcon_core.package_identification:_identify(install) by extensions ['ignore', 'ignore_ament_install']
[1.017s] Level 1:colcon.colcon_core.package_identification:_identify(install) by extension 'ignore'
[1.018s] Level 1:colcon.colcon_core.package_identification:_identify(install) ignored
[1.018s] Level 1:colcon.colcon_core.package_identification:_identify(log) by extensions ['ignore', 'ignore_ament_install']
[1.019s] Level 1:colcon.colcon_core.package_identification:_identify(log) by extension 'ignore'
[1.019s] Level 1:colcon.colcon_core.package_identification:_identify(log) ignored
[1.020s] Level 1:colcon.colcon_core.package_identification:_identify(src) by extensions ['ignore', 'ignore_ament_install']
[1.020s] Level 1:colcon.colcon_core.package_identification:_identify(src) by extension 'ignore'
[1.021s] Level 1:colcon.colcon_core.package_identification:_identify(src) by extension 'ignore_ament_install'
[1.021s] Level 1:colcon.colcon_core.package_identification:_identify(src) by extensions ['colcon_pkg']
[1.021s] Level 1:colcon.colcon_core.package_identification:_identify(src) by extension 'colcon_pkg'
[1.022s] Level 1:colcon.colcon_core.package_identification:_identify(src) by extensions ['colcon_meta']
[1.022s] Level 1:colcon.colcon_core.package_identification:_identify(src) by extension 'colcon_meta'
[1.022s] Level 1:colcon.colcon_core.package_identification:_identify(src) by extensions ['ros']
[1.022s] Level 1:colcon.colcon_core.package_identification:_identify(src) by extension 'ros'
[1.023s] Level 1:colcon.colcon_core.package_identification:_identify(src) by extensions ['cmake', 'python']
[1.023s] Level 1:colcon.colcon_core.package_identification:_identify(src) by extension 'cmake'
[1.023s] Level 1:colcon.colcon_core.package_identification:_identify(src) by extension 'python'
[1.024s] Level 1:colcon.colcon_core.package_identification:_identify(src) by extensions ['python_setup_py']
[1.024s] Level 1:colcon.colcon_core.package_identification:_identify(src) by extension 'python_setup_py'
[1.024s] Level 1:colcon.colcon_core.package_identification:_identify(src/mavros_area_planner) by extensions ['ignore', 'ignore_ament_install']
[1.025s] Level 1:colcon.colcon_core.package_identification:_identify(src/mavros_area_planner) by extension 'ignore'
[1.025s] Level 1:colcon.colcon_core.package_identification:_identify(src/mavros_area_planner) by extension 'ignore_ament_install'
[1.026s] Level 1:colcon.colcon_core.package_identification:_identify(src/mavros_area_planner) by extensions ['colcon_pkg']
[1.026s] Level 1:colcon.colcon_core.package_identification:_identify(src/mavros_area_planner) by extension 'colcon_pkg'
[1.026s] Level 1:colcon.colcon_core.package_identification:_identify(src/mavros_area_planner) by extensions ['colcon_meta']
[1.027s] Level 1:colcon.colcon_core.package_identification:_identify(src/mavros_area_planner) by extension 'colcon_meta'
[1.027s] Level 1:colcon.colcon_core.package_identification:_identify(src/mavros_area_planner) by extensions ['ros']
[1.027s] Level 1:colcon.colcon_core.package_identification:_identify(src/mavros_area_planner) by extension 'ros'
[1.043s] DEBUG:colcon.colcon_core.package_identification:Package 'src/mavros_area_planner' with type 'ros.ament_cmake' and name 'mavros_area_planner'
[1.044s] Level 1:colcon.colcon_core.package_identification:_identify(src/test_fly_pkg) by extensions ['ignore', 'ignore_ament_install']
[1.045s] Level 1:colcon.colcon_core.package_identification:_identify(src/test_fly_pkg) by extension 'ignore'
[1.045s] Level 1:colcon.colcon_core.package_identification:_identify(src/test_fly_pkg) by extension 'ignore_ament_install'
[1.046s] Level 1:colcon.colcon_core.package_identification:_identify(src/test_fly_pkg) by extensions ['colcon_pkg']
[1.046s] Level 1:colcon.colcon_core.package_identification:_identify(src/test_fly_pkg) by extension 'colcon_pkg'
[1.046s] Level 1:colcon.colcon_core.package_identification:_identify(src/test_fly_pkg) by extensions ['colcon_meta']
[1.047s] Level 1:colcon.colcon_core.package_identification:_identify(src/test_fly_pkg) by extension 'colcon_meta'
[1.047s] Level 1:colcon.colcon_core.package_identification:_identify(src/test_fly_pkg) by extensions ['ros']
[1.047s] Level 1:colcon.colcon_core.package_identification:_identify(src/test_fly_pkg) by extension 'ros'
[1.053s] DEBUG:colcon.colcon_core.package_identification:Package 'src/test_fly_pkg' with type 'ros.ament_cmake' and name 'test_fly_pkg'
[1.053s] Level 1:colcon.colcon_core.package_discovery:discover_packages(recursive) using defaults
[1.054s] Level 1:colcon.colcon_core.package_discovery:discover_packages(ignore) discover
[1.054s] Level 1:colcon.colcon_core.package_discovery:discover_packages(ignore) using defaults
[1.054s] Level 1:colcon.colcon_core.package_discovery:discover_packages(path) discover
[1.054s] Level 1:colcon.colcon_core.package_discovery:discover_packages(path) using defaults
[1.182s] INFO:colcon.colcon_core.package_selection:Skipping not selected package 'test_fly_pkg' in 'src/test_fly_pkg'
[1.185s] Level 1:colcon.colcon_core.package_discovery:discover_packages(prefix_path) check parameters
[1.186s] Level 1:colcon.colcon_core.package_discovery:discover_packages(prefix_path) discover
[1.198s] DEBUG:colcon.colcon_installed_package_information.package_discovery:Found 1 installed packages in /home/sunrise/workspace/fly/install
[1.206s] DEBUG:colcon.colcon_installed_package_information.package_discovery:Found 280 installed packages in /opt/ros/humble
[1.218s] Level 1:colcon.colcon_core.package_discovery:discover_packages(prefix_path) using defaults
[1.561s] Level 5:colcon.colcon_core.verb:set package 'mavros_area_planner' build argument 'cmake_args' from command line to 'None'
[1.562s] Level 5:colcon.colcon_core.verb:set package 'mavros_area_planner' build argument 'cmake_target' from command line to 'None'
[1.562s] Level 5:colcon.colcon_core.verb:set package 'mavros_area_planner' build argument 'cmake_target_skip_unavailable' from command line to 'False'
[1.562s] Level 5:colcon.colcon_core.verb:set package 'mavros_area_planner' build argument 'cmake_clean_cache' from command line to 'False'
[1.562s] Level 5:colcon.colcon_core.verb:set package 'mavros_area_planner' build argument 'cmake_clean_first' from command line to 'False'
[1.562s] Level 5:colcon.colcon_core.verb:set package 'mavros_area_planner' build argument 'cmake_force_configure' from command line to 'False'
[1.563s] Level 5:colcon.colcon_core.verb:set package 'mavros_area_planner' build argument 'ament_cmake_args' from command line to 'None'
[1.563s] Level 5:colcon.colcon_core.verb:set package 'mavros_area_planner' build argument 'catkin_cmake_args' from command line to 'None'
[1.563s] Level 5:colcon.colcon_core.verb:set package 'mavros_area_planner' build argument 'catkin_skip_building_tests' from command line to 'False'
[1.563s] DEBUG:colcon.colcon_core.verb:Building package 'mavros_area_planner' with the following arguments: {'ament_cmake_args': None, 'build_base': '/home/sunrise/workspace/fly/build/mavros_area_planner', 'catkin_cmake_args': None, 'catkin_skip_building_tests': False, 'cmake_args': None, 'cmake_clean_cache': False, 'cmake_clean_first': False, 'cmake_force_configure': False, 'cmake_target': None, 'cmake_target_skip_unavailable': False, 'install_base': '/home/sunrise/workspace/fly/install/mavros_area_planner', 'merge_install': False, 'path': '/home/sunrise/workspace/fly/src/mavros_area_planner', 'symlink_install': False, 'test_result_base': None}
[1.564s] INFO:colcon.colcon_core.executor:Executing jobs using 'parallel' executor
[1.570s] DEBUG:colcon.colcon_parallel_executor.executor.parallel:run_until_complete
[1.571s] INFO:colcon.colcon_ros.task.ament_cmake.build:Building ROS package in '/home/sunrise/workspace/fly/src/mavros_area_planner' with build type 'ament_cmake'
[1.572s] INFO:colcon.colcon_cmake.task.cmake.build:Building CMake package in '/home/sunrise/workspace/fly/src/mavros_area_planner'
[1.585s] INFO:colcon.colcon_core.plugin_system:Skipping extension 'colcon_core.shell.bat': Not used on non-Windows systems
[1.587s] INFO:colcon.colcon_core.shell:Skip shell extension 'powershell' for command environment: Not usable outside of PowerShell
[1.587s] DEBUG:colcon.colcon_core.shell:Skip shell extension 'dsv' for command environment
[1.624s] DEBUG:colcon.colcon_core.event_handler.log_command:Invoking command in '/home/sunrise/workspace/fly/build/mavros_area_planner': CMAKE_PREFIX_PATH=${CMAKE_PREFIX_PATH}:/opt/ros/humble /usr/bin/cmake /home/sunrise/workspace/fly/src/mavros_area_planner -DCMAKE_INSTALL_PREFIX=/home/sunrise/workspace/fly/install/mavros_area_planner
[10.481s] DEBUG:colcon.colcon_core.event_handler.log_command:Invoked command in '/home/sunrise/workspace/fly/build/mavros_area_planner' returned '0': CMAKE_PREFIX_PATH=${CMAKE_PREFIX_PATH}:/opt/ros/humble /usr/bin/cmake /home/sunrise/workspace/fly/src/mavros_area_planner -DCMAKE_INSTALL_PREFIX=/home/sunrise/workspace/fly/install/mavros_area_planner
[10.492s] DEBUG:colcon.colcon_core.event_handler.log_command:Invoking command in '/home/sunrise/workspace/fly/build/mavros_area_planner': CMAKE_PREFIX_PATH=${CMAKE_PREFIX_PATH}:/opt/ros/humble /usr/bin/cmake --build /home/sunrise/workspace/fly/build/mavros_area_planner -- -j8 -l8
[91.288s] DEBUG:colcon.colcon_core.event_handler.log_command:Invoked command in '/home/sunrise/workspace/fly/build/mavros_area_planner' returned '0': CMAKE_PREFIX_PATH=${CMAKE_PREFIX_PATH}:/opt/ros/humble /usr/bin/cmake --build /home/sunrise/workspace/fly/build/mavros_area_planner -- -j8 -l8
[91.347s] DEBUG:colcon.colcon_core.event_handler.log_command:Invoking command in '/home/sunrise/workspace/fly/build/mavros_area_planner': CMAKE_PREFIX_PATH=${CMAKE_PREFIX_PATH}:/opt/ros/humble /usr/bin/cmake --install /home/sunrise/workspace/fly/build/mavros_area_planner
[91.454s] Level 1:colcon.colcon_core.environment:create_environment_scripts_only(mavros_area_planner)
[91.471s] DEBUG:colcon.colcon_core.event_handler.log_command:Invoked command in '/home/sunrise/workspace/fly/build/mavros_area_planner' returned '0': CMAKE_PREFIX_PATH=${CMAKE_PREFIX_PATH}:/opt/ros/humble /usr/bin/cmake --install /home/sunrise/workspace/fly/build/mavros_area_planner
[91.476s] Level 1:colcon.colcon_core.environment:checking '/home/sunrise/workspace/fly/install/mavros_area_planner' for CMake module files
[91.481s] Level 1:colcon.colcon_core.environment:checking '/home/sunrise/workspace/fly/install/mavros_area_planner' for CMake config files
[91.482s] Level 1:colcon.colcon_core.shell:create_environment_hook('mavros_area_planner', 'cmake_prefix_path')
[91.485s] INFO:colcon.colcon_core.shell:Creating environment hook '/home/sunrise/workspace/fly/install/mavros_area_planner/share/mavros_area_planner/hook/cmake_prefix_path.ps1'
[91.490s] INFO:colcon.colcon_core.shell:Creating environment descriptor '/home/sunrise/workspace/fly/install/mavros_area_planner/share/mavros_area_planner/hook/cmake_prefix_path.dsv'
[91.494s] INFO:colcon.colcon_core.shell:Creating environment hook '/home/sunrise/workspace/fly/install/mavros_area_planner/share/mavros_area_planner/hook/cmake_prefix_path.sh'
[91.501s] Level 1:colcon.colcon_core.environment:checking '/home/sunrise/workspace/fly/install/mavros_area_planner/lib'
[91.502s] Level 1:colcon.colcon_core.environment:checking '/home/sunrise/workspace/fly/install/mavros_area_planner/bin'
[91.503s] Level 1:colcon.colcon_core.environment:checking '/home/sunrise/workspace/fly/install/mavros_area_planner/lib/pkgconfig/mavros_area_planner.pc'
[91.505s] Level 1:colcon.colcon_core.environment:checking '/home/sunrise/workspace/fly/install/mavros_area_planner/lib/python3.10/site-packages'
[91.508s] Level 1:colcon.colcon_core.environment:checking '/home/sunrise/workspace/fly/install/mavros_area_planner/bin'
[91.510s] INFO:colcon.colcon_core.shell:Creating package script '/home/sunrise/workspace/fly/install/mavros_area_planner/share/mavros_area_planner/package.ps1'
[91.520s] INFO:colcon.colcon_core.shell:Creating package descriptor '/home/sunrise/workspace/fly/install/mavros_area_planner/share/mavros_area_planner/package.dsv'
[91.525s] INFO:colcon.colcon_core.shell:Creating package script '/home/sunrise/workspace/fly/install/mavros_area_planner/share/mavros_area_planner/package.sh'
[91.531s] INFO:colcon.colcon_core.shell:Creating package script '/home/sunrise/workspace/fly/install/mavros_area_planner/share/mavros_area_planner/package.bash'
[91.537s] INFO:colcon.colcon_core.shell:Creating package script '/home/sunrise/workspace/fly/install/mavros_area_planner/share/mavros_area_planner/package.zsh'
[91.541s] Level 1:colcon.colcon_core.environment:create_file_with_runtime_dependencies(/home/sunrise/workspace/fly/install/mavros_area_planner/share/colcon-core/packages/mavros_area_planner)
[91.546s] Level 1:colcon.colcon_core.environment:create_environment_scripts_only(mavros_area_planner)
[91.548s] Level 1:colcon.colcon_core.environment:checking '/home/sunrise/workspace/fly/install/mavros_area_planner' for CMake module files
[91.551s] Level 1:colcon.colcon_core.environment:checking '/home/sunrise/workspace/fly/install/mavros_area_planner' for CMake config files
[91.552s] Level 1:colcon.colcon_core.shell:create_environment_hook('mavros_area_planner', 'cmake_prefix_path')
[91.554s] INFO:colcon.colcon_core.shell:Creating environment hook '/home/sunrise/workspace/fly/install/mavros_area_planner/share/mavros_area_planner/hook/cmake_prefix_path.ps1'
[91.557s] INFO:colcon.colcon_core.shell:Creating environment descriptor '/home/sunrise/workspace/fly/install/mavros_area_planner/share/mavros_area_planner/hook/cmake_prefix_path.dsv'
[91.560s] INFO:colcon.colcon_core.shell:Creating environment hook '/home/sunrise/workspace/fly/install/mavros_area_planner/share/mavros_area_planner/hook/cmake_prefix_path.sh'
[91.565s] Level 1:colcon.colcon_core.environment:checking '/home/sunrise/workspace/fly/install/mavros_area_planner/lib'
[91.566s] Level 1:colcon.colcon_core.environment:checking '/home/sunrise/workspace/fly/install/mavros_area_planner/bin'
[91.566s] Level 1:colcon.colcon_core.environment:checking '/home/sunrise/workspace/fly/install/mavros_area_planner/lib/pkgconfig/mavros_area_planner.pc'
[91.568s] Level 1:colcon.colcon_core.environment:checking '/home/sunrise/workspace/fly/install/mavros_area_planner/lib/python3.10/site-packages'
[91.571s] Level 1:colcon.colcon_core.environment:checking '/home/sunrise/workspace/fly/install/mavros_area_planner/bin'
[91.573s] INFO:colcon.colcon_core.shell:Creating package script '/home/sunrise/workspace/fly/install/mavros_area_planner/share/mavros_area_planner/package.ps1'
[91.582s] INFO:colcon.colcon_core.shell:Creating package descriptor '/home/sunrise/workspace/fly/install/mavros_area_planner/share/mavros_area_planner/package.dsv'
[91.590s] INFO:colcon.colcon_core.shell:Creating package script '/home/sunrise/workspace/fly/install/mavros_area_planner/share/mavros_area_planner/package.sh'
[91.598s] INFO:colcon.colcon_core.shell:Creating package script '/home/sunrise/workspace/fly/install/mavros_area_planner/share/mavros_area_planner/package.bash'
[91.604s] INFO:colcon.colcon_core.shell:Creating package script '/home/sunrise/workspace/fly/install/mavros_area_planner/share/mavros_area_planner/package.zsh'
[91.609s] Level 1:colcon.colcon_core.environment:create_file_with_runtime_dependencies(/home/sunrise/workspace/fly/install/mavros_area_planner/share/colcon-core/packages/mavros_area_planner)
[91.611s] DEBUG:colcon.colcon_parallel_executor.executor.parallel:closing loop
[91.613s] DEBUG:colcon.colcon_parallel_executor.executor.parallel:loop closed
[91.614s] DEBUG:colcon.colcon_parallel_executor.executor.parallel:run_until_complete finished with '0'
[91.615s] DEBUG:colcon.colcon_core.event_reactor:joining thread
[91.650s] INFO:colcon.colcon_core.plugin_system:Skipping extension 'colcon_notification.desktop_notification.notify_send': Could not find 'notify-send'
[91.650s] INFO:colcon.colcon_core.plugin_system:Skipping extension 'colcon_notification.desktop_notification.terminal_notifier': Not used on non-Darwin systems
[91.651s] INFO:colcon.colcon_core.plugin_system:Skipping extension 'colcon_notification.desktop_notification.win32': Not used on non-Windows systems
[91.651s] INFO:colcon.colcon_notification.desktop_notification:Sending desktop notification using 'notify2'
[91.660s] DEBUG:colcon.colcon_core.event_reactor:joined thread
[91.663s] INFO:colcon.colcon_core.shell:Creating prefix script '/home/sunrise/workspace/fly/install/local_setup.ps1'
[91.669s] INFO:colcon.colcon_core.shell:Creating prefix util module '/home/sunrise/workspace/fly/install/_local_setup_util_ps1.py'
[91.681s] INFO:colcon.colcon_core.shell:Creating prefix chain script '/home/sunrise/workspace/fly/install/setup.ps1'
[91.690s] INFO:colcon.colcon_core.shell:Creating prefix script '/home/sunrise/workspace/fly/install/local_setup.sh'
[91.694s] INFO:colcon.colcon_core.shell:Creating prefix util module '/home/sunrise/workspace/fly/install/_local_setup_util_sh.py'
[91.699s] INFO:colcon.colcon_core.shell:Creating prefix chain script '/home/sunrise/workspace/fly/install/setup.sh'
[91.706s] INFO:colcon.colcon_core.shell:Creating prefix script '/home/sunrise/workspace/fly/install/local_setup.bash'
[91.710s] INFO:colcon.colcon_core.shell:Creating prefix chain script '/home/sunrise/workspace/fly/install/setup.bash'
[91.717s] INFO:colcon.colcon_core.shell:Creating prefix script '/home/sunrise/workspace/fly/install/local_setup.zsh'
[91.721s] INFO:colcon.colcon_core.shell:Creating prefix chain script '/home/sunrise/workspace/fly/install/setup.zsh'
