-- The C compiler identification is GNU 11.2.0
-- The CXX compiler identification is GNU 11.2.0
-- Detecting C compiler ABI info
-- Detecting C compiler ABI info - done
-- Check for working C compiler: /usr/bin/cc - skipped
-- Detecting C compile features
-- Detecting C compile features - done
-- Detecting CXX compiler ABI info
-- Detecting CXX compiler ABI info - done
-- Check for working CXX compiler: /usr/bin/c++ - skipped
-- Detecting CXX compile features
-- Detecting CXX compile features - done
-- Found ament_cmake: 1.3.14 (/opt/ros/humble/share/ament_cmake/cmake)
-- Found Python3: /usr/bin/python3 (found version "3.10.12") found components: Interpreter 
-- Found rclcpp: 16.0.19 (/opt/ros/humble/share/rclcpp/cmake)
-- Found rosidl_generator_c: 3.1.8 (/opt/ros/humble/share/rosidl_generator_c/cmake)
-- Found rosidl_adapter: 3.1.8 (/opt/ros/humble/share/rosidl_adapter/cmake)
-- Found rosidl_generator_cpp: 3.1.8 (/opt/ros/humble/share/rosidl_generator_cpp/cmake)
-- Using all available rosidl_typesupport_c: rosidl_typesupport_fastrtps_c;rosidl_typesupport_introspection_c
-- Using all available rosidl_typesupport_cpp: rosidl_typesupport_fastrtps_cpp;rosidl_typesupport_introspection_cpp
-- Found rmw_implementation_cmake: 6.1.2 (/opt/ros/humble/share/rmw_implementation_cmake/cmake)
-- Found rmw_fastrtps_cpp: 6.2.10 (/opt/ros/humble/share/rmw_fastrtps_cpp/cmake)
-- Found OpenSSL: /usr/lib/aarch64-linux-gnu/libcrypto.so (found version "3.0.2")  
-- Found FastRTPS: /opt/ros/humble/include  
-- Using RMW implementation 'rmw_fastrtps_cpp' as default
-- Looking for pthread.h
-- Looking for pthread.h - found
-- Performing Test CMAKE_HAVE_LIBC_PTHREAD
-- Performing Test CMAKE_HAVE_LIBC_PTHREAD - Success
-- Found Threads: TRUE  
-- Found geometry_msgs: 4.9.1 (/opt/ros/humble/share/geometry_msgs/cmake)
-- Found mavros_msgs: 2.14.0 (/opt/ros/humble/share/mavros_msgs/cmake)
-- Configuring done
-- Generating done
-- Build files have been written to: /home/sunrise/workspace/fly/build/mavros_area_planner
[ 50%] [32mBuilding CXX object CMakeFiles/mavros_csv_area_mission.dir/src/mavros_csv_area_mission.cpp.o[0m
[100%] [32m[1mLinking CXX executable mavros_csv_area_mission[0m
[100%] Built target mavros_csv_area_mission
-- Install configuration: ""
-- Installing: /home/sunrise/workspace/fly/install/mavros_area_planner/lib/mavros_area_planner/mavros_csv_area_mission
-- Set runtime path of "/home/sunrise/workspace/fly/install/mavros_area_planner/lib/mavros_area_planner/mavros_csv_area_mission" to ""
-- Installing: /home/sunrise/workspace/fly/install/mavros_area_planner/lib/mavros_area_planner/area_planner_gui.py
-- Installing: /home/sunrise/workspace/fly/install/mavros_area_planner/share/ament_index/resource_index/package_run_dependencies/mavros_area_planner
-- Installing: /home/sunrise/workspace/fly/install/mavros_area_planner/share/ament_index/resource_index/parent_prefix_path/mavros_area_planner
-- Installing: /home/sunrise/workspace/fly/install/mavros_area_planner/share/mavros_area_planner/environment/ament_prefix_path.sh
-- Installing: /home/sunrise/workspace/fly/install/mavros_area_planner/share/mavros_area_planner/environment/ament_prefix_path.dsv
-- Installing: /home/sunrise/workspace/fly/install/mavros_area_planner/share/mavros_area_planner/environment/path.sh
-- Installing: /home/sunrise/workspace/fly/install/mavros_area_planner/share/mavros_area_planner/environment/path.dsv
-- Installing: /home/sunrise/workspace/fly/install/mavros_area_planner/share/mavros_area_planner/local_setup.bash
-- Installing: /home/sunrise/workspace/fly/install/mavros_area_planner/share/mavros_area_planner/local_setup.sh
-- Installing: /home/sunrise/workspace/fly/install/mavros_area_planner/share/mavros_area_planner/local_setup.zsh
-- Installing: /home/sunrise/workspace/fly/install/mavros_area_planner/share/mavros_area_planner/local_setup.dsv
-- Installing: /home/sunrise/workspace/fly/install/mavros_area_planner/share/mavros_area_planner/package.dsv
-- Installing: /home/sunrise/workspace/fly/install/mavros_area_planner/share/ament_index/resource_index/packages/mavros_area_planner
-- Installing: /home/sunrise/workspace/fly/install/mavros_area_planner/share/mavros_area_planner/cmake/mavros_area_plannerConfig.cmake
-- Installing: /home/sunrise/workspace/fly/install/mavros_area_planner/share/mavros_area_planner/cmake/mavros_area_plannerConfig-version.cmake
-- Installing: /home/sunrise/workspace/fly/install/mavros_area_planner/share/mavros_area_planner/package.xml
