[0.050s] Invoking command in '/home/sunrise/workspace/fly/build/mavros_area_planner': CMAKE_PREFIX_PATH=${CMAKE_PREFIX_PATH}:/opt/ros/humble /usr/bin/cmake /home/sunrise/workspace/fly/src/mavros_area_planner -DCMAKE_INSTALL_PREFIX=/home/sunrise/workspace/fly/install/mavros_area_planner
[0.388s] -- The C compiler identification is GNU 11.2.0
[0.744s] -- The CXX compiler identification is GNU 11.2.0
[0.782s] -- Detecting C compiler ABI info
[1.172s] -- Detecting C compiler ABI info - done
[1.221s] -- Check for working C compiler: /usr/bin/cc - skipped
[1.222s] -- Detecting C compile features
[1.224s] -- Detecting C compile features - done
[1.241s] -- Detecting CXX compiler ABI info
[1.675s] -- Detecting CXX compiler ABI info - done
[1.729s] -- Check for working CXX compiler: /usr/bin/c++ - skipped
[1.730s] -- Detecting CXX compile features
[1.733s] -- Detecting CXX compile features - done
[1.744s] -- Found ament_cmake: 1.3.14 (/opt/ros/humble/share/ament_cmake/cmake)
[4.323s] -- Found Python3: /usr/bin/python3 (found version "3.10.12") found components: Interpreter 
[4.914s] -- Found rclcpp: 16.0.19 (/opt/ros/humble/share/rclcpp/cmake)
[5.134s] -- Found rosidl_generator_c: 3.1.8 (/opt/ros/humble/share/rosidl_generator_c/cmake)
[5.160s] -- Found rosidl_adapter: 3.1.8 (/opt/ros/humble/share/rosidl_adapter/cmake)
[5.209s] -- Found rosidl_generator_cpp: 3.1.8 (/opt/ros/humble/share/rosidl_generator_cpp/cmake)
[5.283s] -- Using all available rosidl_typesupport_c: rosidl_typesupport_fastrtps_c;rosidl_typesupport_introspection_c
[5.378s] -- Using all available rosidl_typesupport_cpp: rosidl_typesupport_fastrtps_cpp;rosidl_typesupport_introspection_cpp
[5.632s] -- Found rmw_implementation_cmake: 6.1.2 (/opt/ros/humble/share/rmw_implementation_cmake/cmake)
[5.643s] -- Found rmw_fastrtps_cpp: 6.2.10 (/opt/ros/humble/share/rmw_fastrtps_cpp/cmake)
[6.062s] -- Found OpenSSL: /usr/lib/aarch64-linux-gnu/libcrypto.so (found version "3.0.2")  
[6.202s] -- Found FastRTPS: /opt/ros/humble/include  
[6.406s] -- Using RMW implementation 'rmw_fastrtps_cpp' as default
[6.446s] -- Looking for pthread.h
[6.869s] -- Looking for pthread.h - found
[6.871s] -- Performing Test CMAKE_HAVE_LIBC_PTHREAD
[7.286s] -- Performing Test CMAKE_HAVE_LIBC_PTHREAD - Success
[7.291s] -- Found Threads: TRUE  
[7.641s] -- Found geometry_msgs: 4.9.1 (/opt/ros/humble/share/geometry_msgs/cmake)
[7.736s] -- Found mavros_msgs: 2.14.0 (/opt/ros/humble/share/mavros_msgs/cmake)
[8.734s] -- Configuring done
[8.801s] -- Generating done
[8.831s] -- Build files have been written to: /home/sunrise/workspace/fly/build/mavros_area_planner
[8.908s] Invoked command in '/home/sunrise/workspace/fly/build/mavros_area_planner' returned '0': CMAKE_PREFIX_PATH=${CMAKE_PREFIX_PATH}:/opt/ros/humble /usr/bin/cmake /home/sunrise/workspace/fly/src/mavros_area_planner -DCMAKE_INSTALL_PREFIX=/home/sunrise/workspace/fly/install/mavros_area_planner
[8.918s] Invoking command in '/home/sunrise/workspace/fly/build/mavros_area_planner': CMAKE_PREFIX_PATH=${CMAKE_PREFIX_PATH}:/opt/ros/humble /usr/bin/cmake --build /home/sunrise/workspace/fly/build/mavros_area_planner -- -j8 -l8
[9.149s] [ 50%] [32mBuilding CXX object CMakeFiles/mavros_csv_area_mission.dir/src/mavros_csv_area_mission.cpp.o[0m
[84.157s] [100%] [32m[1mLinking CXX executable mavros_csv_area_mission[0m
[89.652s] [100%] Built target mavros_csv_area_mission
[89.714s] Invoked command in '/home/sunrise/workspace/fly/build/mavros_area_planner' returned '0': CMAKE_PREFIX_PATH=${CMAKE_PREFIX_PATH}:/opt/ros/humble /usr/bin/cmake --build /home/sunrise/workspace/fly/build/mavros_area_planner -- -j8 -l8
[89.774s] Invoking command in '/home/sunrise/workspace/fly/build/mavros_area_planner': CMAKE_PREFIX_PATH=${CMAKE_PREFIX_PATH}:/opt/ros/humble /usr/bin/cmake --install /home/sunrise/workspace/fly/build/mavros_area_planner
[89.817s] -- Install configuration: ""
[89.818s] -- Installing: /home/sunrise/workspace/fly/install/mavros_area_planner/lib/mavros_area_planner/mavros_csv_area_mission
[89.856s] -- Set runtime path of "/home/sunrise/workspace/fly/install/mavros_area_planner/lib/mavros_area_planner/mavros_csv_area_mission" to ""
[89.857s] -- Installing: /home/sunrise/workspace/fly/install/mavros_area_planner/lib/mavros_area_planner/area_planner_gui.py
[89.859s] -- Installing: /home/sunrise/workspace/fly/install/mavros_area_planner/share/ament_index/resource_index/package_run_dependencies/mavros_area_planner
[89.860s] -- Installing: /home/sunrise/workspace/fly/install/mavros_area_planner/share/ament_index/resource_index/parent_prefix_path/mavros_area_planner
[89.862s] -- Installing: /home/sunrise/workspace/fly/install/mavros_area_planner/share/mavros_area_planner/environment/ament_prefix_path.sh
[89.864s] -- Installing: /home/sunrise/workspace/fly/install/mavros_area_planner/share/mavros_area_planner/environment/ament_prefix_path.dsv
[89.865s] -- Installing: /home/sunrise/workspace/fly/install/mavros_area_planner/share/mavros_area_planner/environment/path.sh
[89.866s] -- Installing: /home/sunrise/workspace/fly/install/mavros_area_planner/share/mavros_area_planner/environment/path.dsv
[89.867s] -- Installing: /home/sunrise/workspace/fly/install/mavros_area_planner/share/mavros_area_planner/local_setup.bash
[89.869s] -- Installing: /home/sunrise/workspace/fly/install/mavros_area_planner/share/mavros_area_planner/local_setup.sh
[89.870s] -- Installing: /home/sunrise/workspace/fly/install/mavros_area_planner/share/mavros_area_planner/local_setup.zsh
[89.871s] -- Installing: /home/sunrise/workspace/fly/install/mavros_area_planner/share/mavros_area_planner/local_setup.dsv
[89.872s] -- Installing: /home/sunrise/workspace/fly/install/mavros_area_planner/share/mavros_area_planner/package.dsv
[89.873s] -- Installing: /home/sunrise/workspace/fly/install/mavros_area_planner/share/ament_index/resource_index/packages/mavros_area_planner
[89.874s] -- Installing: /home/sunrise/workspace/fly/install/mavros_area_planner/share/mavros_area_planner/cmake/mavros_area_plannerConfig.cmake
[89.874s] -- Installing: /home/sunrise/workspace/fly/install/mavros_area_planner/share/mavros_area_planner/cmake/mavros_area_plannerConfig-version.cmake
[89.875s] -- Installing: /home/sunrise/workspace/fly/install/mavros_area_planner/share/mavros_area_planner/package.xml
[89.898s] Invoked command in '/home/sunrise/workspace/fly/build/mavros_area_planner' returned '0': CMAKE_PREFIX_PATH=${CMAKE_PREFIX_PATH}:/opt/ros/humble /usr/bin/cmake --install /home/sunrise/workspace/fly/build/mavros_area_planner
