[0.045s] Invoking command in '/home/sunrise/workspace/ws_livox/build/livox_ros_driver2': CMAKE_PREFIX_PATH=/opt/ros/humble /usr/bin/cmake /home/sunrise/workspace/ws_livox/src/livox_ros_driver2 -DROS_EDITION=ROS2 -DDISTRO_ROS=humble -DCMAKE_INSTALL_PREFIX=/home/sunrise/workspace/ws_livox/install/livox_ros_driver2
[0.373s] -- The C compiler identification is GNU 11.2.0
[0.701s] -- The CXX compiler identification is GNU 11.2.0
[0.736s] -- Detecting C compiler ABI info
[1.140s] -- Detecting C compiler ABI info - done
[1.197s] -- Check for working C compiler: /usr/bin/cc - skipped
[1.198s] -- Detecting C compile features
[1.201s] -- Detecting C compile features - done
[1.216s] -- Detecting CXX compiler ABI info
[1.646s] -- Detecting CXX compiler ABI info - done
[1.704s] -- Check for working CXX compiler: /usr/bin/c++ - skipped
[1.705s] -- Detecting CXX compile features
[1.707s] -- Detecting CXX compile features - done
[1.711s] -- livox_ros_driver2 version: 1.2.6
[1.715s] -- Found ament_cmake_auto: 1.3.14 (/opt/ros/humble/share/ament_cmake_auto/cmake)
[4.125s] -- Found Python3: /usr/bin/python3 (found version "3.10.12") found components: Interpreter 
[5.082s] -- Using all available rosidl_typesupport_c: rosidl_typesupport_fastrtps_c;rosidl_typesupport_introspection_c
[5.118s] -- Found rosidl_adapter: 3.1.8 (/opt/ros/humble/share/rosidl_adapter/cmake)
[5.311s] -- Using all available rosidl_typesupport_cpp: rosidl_typesupport_fastrtps_cpp;rosidl_typesupport_introspection_cpp
[5.762s] -- Found rmw_implementation_cmake: 6.1.2 (/opt/ros/humble/share/rmw_implementation_cmake/cmake)
[5.773s] -- Found rmw_fastrtps_cpp: 6.2.10 (/opt/ros/humble/share/rmw_fastrtps_cpp/cmake)
[6.182s] -- Found OpenSSL: /usr/lib/aarch64-linux-gnu/libcrypto.so (found version "3.0.2")  
[6.312s] -- Found FastRTPS: /opt/ros/humble/include  
[6.501s] -- Using RMW implementation 'rmw_fastrtps_cpp' as default
[6.538s] -- Looking for pthread.h
[6.942s] -- Looking for pthread.h - found
[6.943s] -- Performing Test CMAKE_HAVE_LIBC_PTHREAD
[7.356s] -- Performing Test CMAKE_HAVE_LIBC_PTHREAD - Success
[7.362s] -- Found Threads: TRUE  
[8.211s] -- Checking for module 'eigen3'
[8.267s] --   Found eigen3, version 3.4.0
[8.439s] -- Found Eigen: /usr/include/eigen3 (Required is at least version "3.1") 
[8.439s] -- Eigen found (include: /usr/include/eigen3, version: 3.4.0)
[8.577s] -- Checking for module 'flann'
[8.640s] --   Found flann, version 1.9.1
[8.840s] -- Found FLANN: /usr/lib/aarch64-linux-gnu/libflann_cpp.so  
[8.841s] -- FLANN found (include: /usr/include, lib: /usr/lib/aarch64-linux-gnu/libflann_cpp.so)
[14.033s] -- Checking for module 'libusb-1.0'
[14.103s] --   Found libusb-1.0, version 1.0.25
[14.286s] -- Found libusb: /usr/lib/aarch64-linux-gnu/libusb-1.0.so  
[14.292s] -- OpenNI found (version: 1.5.4.0, include: /usr/include/ni, lib: /usr/lib/libOpenNI.so;libusb::libusb)
[14.582s] -- OpenNI2 found (version: 2.2.0.33, include: /usr/include/openni2, lib: /usr/lib/aarch64-linux-gnu/libOpenNI2.so;libusb::libusb)
[14.902s] Invoked command in '/home/sunrise/workspace/ws_livox/build/livox_ros_driver2' returned '-2': CMAKE_PREFIX_PATH=/opt/ros/humble /usr/bin/cmake /home/sunrise/workspace/ws_livox/src/livox_ros_driver2 -DROS_EDITION=ROS2 -DDISTRO_ROS=humble -DCMAKE_INSTALL_PREFIX=/home/sunrise/workspace/ws_livox/install/livox_ros_driver2
