[0.588s] DEBUG:colcon:Command line arguments: ['/usr/bin/colcon', 'build', '--cmake-args', '-DROS_EDITION=ROS2', '-DDISTRO_ROS=humble']
[0.588s] DEBUG:colcon:Parsed command line arguments: Namespace(log_base=None, log_level=None, verb_name='build', build_base='build', install_base='install', merge_install=False, symlink_install=False, test_result_base=None, continue_on_error=False, executor='parallel', parallel_workers=8, event_handlers=None, ignore_user_meta=False, metas=['./colcon.meta'], base_paths=['.'], packages_ignore=None, packages_ignore_regex=None, paths=None, packages_up_to=None, packages_up_to_regex=None, packages_above=None, packages_above_and_dependencies=None, packages_above_depth=None, packages_select_by_dep=None, packages_skip_by_dep=None, packages_skip_up_to=None, packages_select_build_failed=False, packages_skip_build_finished=False, packages_select_test_failures=False, packages_skip_test_passed=False, packages_select=None, packages_skip=None, packages_select_regex=None, packages_skip_regex=None, packages_start=None, packages_end=None, allow_overriding=[], cmake_args=['-DROS_EDITION=ROS2', '-DDISTRO_ROS=humble'], cmake_target=None, cmake_target_skip_unavailable=False, cmake_clean_cache=False, cmake_clean_first=False, cmake_force_configure=False, ament_cmake_args=None, catkin_cmake_args=None, catkin_skip_building_tests=False, verb_parser=<colcon_defaults.argument_parser.defaults.DefaultArgumentsDecorator object at 0xffffb993ca30>, verb_extension=<colcon_core.verb.build.BuildVerb object at 0xffffb993c640>, main=<bound method BuildVerb.main of <colcon_core.verb.build.BuildVerb object at 0xffffb993c640>>)
[0.812s] Level 1:colcon.colcon_core.package_discovery:discover_packages(colcon_meta) check parameters
[0.813s] Level 1:colcon.colcon_core.package_discovery:discover_packages(recursive) check parameters
[0.813s] Level 1:colcon.colcon_core.package_discovery:discover_packages(ignore) check parameters
[0.813s] Level 1:colcon.colcon_core.package_discovery:discover_packages(path) check parameters
[0.813s] Level 1:colcon.colcon_core.package_discovery:discover_packages(colcon_meta) discover
[0.814s] Level 1:colcon.colcon_core.package_discovery:discover_packages(recursive) discover
[0.814s] INFO:colcon.colcon_core.package_discovery:Crawling recursively for packages in '/home/sunrise/workspace/ws_livox'
[0.814s] Level 1:colcon.colcon_core.package_identification:_identify(.) by extensions ['ignore', 'ignore_ament_install']
[0.815s] Level 1:colcon.colcon_core.package_identification:_identify(.) by extension 'ignore'
[0.815s] Level 1:colcon.colcon_core.package_identification:_identify(.) by extension 'ignore_ament_install'
[0.816s] Level 1:colcon.colcon_core.package_identification:_identify(.) by extensions ['colcon_pkg']
[0.816s] Level 1:colcon.colcon_core.package_identification:_identify(.) by extension 'colcon_pkg'
[0.816s] Level 1:colcon.colcon_core.package_identification:_identify(.) by extensions ['colcon_meta']
[0.816s] Level 1:colcon.colcon_core.package_identification:_identify(.) by extension 'colcon_meta'
[0.816s] Level 1:colcon.colcon_core.package_identification:_identify(.) by extensions ['ros']
[0.817s] Level 1:colcon.colcon_core.package_identification:_identify(.) by extension 'ros'
[0.904s] Level 1:colcon.colcon_core.package_identification:_identify(.) by extensions ['cmake', 'python']
[0.904s] Level 1:colcon.colcon_core.package_identification:_identify(.) by extension 'cmake'
[0.904s] Level 1:colcon.colcon_core.package_identification:_identify(.) by extension 'python'
[0.905s] Level 1:colcon.colcon_core.package_identification:_identify(.) by extensions ['python_setup_py']
[0.905s] Level 1:colcon.colcon_core.package_identification:_identify(.) by extension 'python_setup_py'
[0.905s] Level 1:colcon.colcon_core.package_identification:_identify(build) by extensions ['ignore', 'ignore_ament_install']
[0.906s] Level 1:colcon.colcon_core.package_identification:_identify(build) by extension 'ignore'
[0.906s] Level 1:colcon.colcon_core.package_identification:_identify(build) ignored
[0.907s] Level 1:colcon.colcon_core.package_identification:_identify(install) by extensions ['ignore', 'ignore_ament_install']
[0.907s] Level 1:colcon.colcon_core.package_identification:_identify(install) by extension 'ignore'
[0.907s] Level 1:colcon.colcon_core.package_identification:_identify(install) ignored
[0.908s] Level 1:colcon.colcon_core.package_identification:_identify(log) by extensions ['ignore', 'ignore_ament_install']
[0.908s] Level 1:colcon.colcon_core.package_identification:_identify(log) by extension 'ignore'
[0.908s] Level 1:colcon.colcon_core.package_identification:_identify(log) ignored
[0.909s] Level 1:colcon.colcon_core.package_identification:_identify(src) by extensions ['ignore', 'ignore_ament_install']
[0.909s] Level 1:colcon.colcon_core.package_identification:_identify(src) by extension 'ignore'
[0.909s] Level 1:colcon.colcon_core.package_identification:_identify(src) by extension 'ignore_ament_install'
[0.910s] Level 1:colcon.colcon_core.package_identification:_identify(src) by extensions ['colcon_pkg']
[0.910s] Level 1:colcon.colcon_core.package_identification:_identify(src) by extension 'colcon_pkg'
[0.910s] Level 1:colcon.colcon_core.package_identification:_identify(src) by extensions ['colcon_meta']
[0.910s] Level 1:colcon.colcon_core.package_identification:_identify(src) by extension 'colcon_meta'
[0.910s] Level 1:colcon.colcon_core.package_identification:_identify(src) by extensions ['ros']
[0.911s] Level 1:colcon.colcon_core.package_identification:_identify(src) by extension 'ros'
[0.911s] Level 1:colcon.colcon_core.package_identification:_identify(src) by extensions ['cmake', 'python']
[0.911s] Level 1:colcon.colcon_core.package_identification:_identify(src) by extension 'cmake'
[0.912s] Level 1:colcon.colcon_core.package_identification:_identify(src) by extension 'python'
[0.912s] Level 1:colcon.colcon_core.package_identification:_identify(src) by extensions ['python_setup_py']
[0.912s] Level 1:colcon.colcon_core.package_identification:_identify(src) by extension 'python_setup_py'
[0.912s] Level 1:colcon.colcon_core.package_identification:_identify(src/livox_ros_driver2) by extensions ['ignore', 'ignore_ament_install']
[0.913s] Level 1:colcon.colcon_core.package_identification:_identify(src/livox_ros_driver2) by extension 'ignore'
[0.913s] Level 1:colcon.colcon_core.package_identification:_identify(src/livox_ros_driver2) by extension 'ignore_ament_install'
[0.913s] Level 1:colcon.colcon_core.package_identification:_identify(src/livox_ros_driver2) by extensions ['colcon_pkg']
[0.914s] Level 1:colcon.colcon_core.package_identification:_identify(src/livox_ros_driver2) by extension 'colcon_pkg'
[0.914s] Level 1:colcon.colcon_core.package_identification:_identify(src/livox_ros_driver2) by extensions ['colcon_meta']
[0.914s] Level 1:colcon.colcon_core.package_identification:_identify(src/livox_ros_driver2) by extension 'colcon_meta'
[0.914s] Level 1:colcon.colcon_core.package_identification:_identify(src/livox_ros_driver2) by extensions ['ros']
[0.914s] Level 1:colcon.colcon_core.package_identification:_identify(src/livox_ros_driver2) by extension 'ros'
[0.933s] DEBUG:colcon.colcon_core.package_identification:Package 'src/livox_ros_driver2' with type 'ros.ament_cmake' and name 'livox_ros_driver2'
[0.933s] Level 1:colcon.colcon_core.package_discovery:discover_packages(recursive) using defaults
[0.933s] Level 1:colcon.colcon_core.package_discovery:discover_packages(ignore) discover
[0.934s] Level 1:colcon.colcon_core.package_discovery:discover_packages(ignore) using defaults
[0.934s] Level 1:colcon.colcon_core.package_discovery:discover_packages(path) discover
[0.934s] Level 1:colcon.colcon_core.package_discovery:discover_packages(path) using defaults
[1.047s] Level 1:colcon.colcon_core.package_discovery:discover_packages(prefix_path) check parameters
[1.047s] Level 1:colcon.colcon_core.package_discovery:discover_packages(prefix_path) discover
[1.060s] DEBUG:colcon.colcon_installed_package_information.package_discovery:Found 273 installed packages in /opt/ros/humble
[1.071s] Level 1:colcon.colcon_core.package_discovery:discover_packages(prefix_path) using defaults
[1.339s] Level 5:colcon.colcon_core.verb:set package 'livox_ros_driver2' build argument 'cmake_args' from command line to '['-DROS_EDITION=ROS2', '-DDISTRO_ROS=humble']'
[1.339s] Level 5:colcon.colcon_core.verb:set package 'livox_ros_driver2' build argument 'cmake_target' from command line to 'None'
[1.340s] Level 5:colcon.colcon_core.verb:set package 'livox_ros_driver2' build argument 'cmake_target_skip_unavailable' from command line to 'False'
[1.340s] Level 5:colcon.colcon_core.verb:set package 'livox_ros_driver2' build argument 'cmake_clean_cache' from command line to 'False'
[1.340s] Level 5:colcon.colcon_core.verb:set package 'livox_ros_driver2' build argument 'cmake_clean_first' from command line to 'False'
[1.340s] Level 5:colcon.colcon_core.verb:set package 'livox_ros_driver2' build argument 'cmake_force_configure' from command line to 'False'
[1.340s] Level 5:colcon.colcon_core.verb:set package 'livox_ros_driver2' build argument 'ament_cmake_args' from command line to 'None'
[1.340s] Level 5:colcon.colcon_core.verb:set package 'livox_ros_driver2' build argument 'catkin_cmake_args' from command line to 'None'
[1.341s] Level 5:colcon.colcon_core.verb:set package 'livox_ros_driver2' build argument 'catkin_skip_building_tests' from command line to 'False'
[1.341s] DEBUG:colcon.colcon_core.verb:Building package 'livox_ros_driver2' with the following arguments: {'ament_cmake_args': None, 'build_base': '/home/sunrise/workspace/ws_livox/build/livox_ros_driver2', 'catkin_cmake_args': None, 'catkin_skip_building_tests': False, 'cmake_args': ['-DROS_EDITION=ROS2', '-DDISTRO_ROS=humble'], 'cmake_clean_cache': False, 'cmake_clean_first': False, 'cmake_force_configure': False, 'cmake_target': None, 'cmake_target_skip_unavailable': False, 'install_base': '/home/sunrise/workspace/ws_livox/install/livox_ros_driver2', 'merge_install': False, 'path': '/home/sunrise/workspace/ws_livox/src/livox_ros_driver2', 'symlink_install': False, 'test_result_base': None}
[1.342s] INFO:colcon.colcon_core.executor:Executing jobs using 'parallel' executor
[1.346s] DEBUG:colcon.colcon_parallel_executor.executor.parallel:run_until_complete
[1.347s] INFO:colcon.colcon_ros.task.ament_cmake.build:Building ROS package in '/home/sunrise/workspace/ws_livox/src/livox_ros_driver2' with build type 'ament_cmake'
[1.348s] INFO:colcon.colcon_cmake.task.cmake.build:Building CMake package in '/home/sunrise/workspace/ws_livox/src/livox_ros_driver2'
[1.357s] INFO:colcon.colcon_core.plugin_system:Skipping extension 'colcon_core.shell.bat': Not used on non-Windows systems
[1.358s] INFO:colcon.colcon_core.shell:Skip shell extension 'powershell' for command environment: Not usable outside of PowerShell
[1.359s] DEBUG:colcon.colcon_core.shell:Skip shell extension 'dsv' for command environment
[1.395s] DEBUG:colcon.colcon_core.event_handler.log_command:Invoking command in '/home/sunrise/workspace/ws_livox/build/livox_ros_driver2': CMAKE_PREFIX_PATH=/opt/ros/humble /usr/bin/cmake /home/sunrise/workspace/ws_livox/src/livox_ros_driver2 -DROS_EDITION=ROS2 -DDISTRO_ROS=humble -DCMAKE_INSTALL_PREFIX=/home/sunrise/workspace/ws_livox/install/livox_ros_driver2
[26.856s] DEBUG:colcon.colcon_core.event_handler.log_command:Invoked command in '/home/sunrise/workspace/ws_livox/build/livox_ros_driver2' returned '0': CMAKE_PREFIX_PATH=/opt/ros/humble /usr/bin/cmake /home/sunrise/workspace/ws_livox/src/livox_ros_driver2 -DROS_EDITION=ROS2 -DDISTRO_ROS=humble -DCMAKE_INSTALL_PREFIX=/home/sunrise/workspace/ws_livox/install/livox_ros_driver2
[26.866s] DEBUG:colcon.colcon_core.event_handler.log_command:Invoking command in '/home/sunrise/workspace/ws_livox/build/livox_ros_driver2': CMAKE_PREFIX_PATH=/opt/ros/humble /usr/bin/cmake --build /home/sunrise/workspace/ws_livox/build/livox_ros_driver2 -- -j8 -l8
[102.182s] DEBUG:colcon.colcon_core.event_handler.log_command:Invoked command in '/home/sunrise/workspace/ws_livox/build/livox_ros_driver2' returned '0': CMAKE_PREFIX_PATH=/opt/ros/humble /usr/bin/cmake --build /home/sunrise/workspace/ws_livox/build/livox_ros_driver2 -- -j8 -l8
[102.235s] DEBUG:colcon.colcon_core.event_handler.log_command:Invoking command in '/home/sunrise/workspace/ws_livox/build/livox_ros_driver2': CMAKE_PREFIX_PATH=/opt/ros/humble /usr/bin/cmake --install /home/sunrise/workspace/ws_livox/build/livox_ros_driver2
[102.696s] Level 1:colcon.colcon_core.environment:create_environment_scripts_only(livox_ros_driver2)
[102.700s] DEBUG:colcon.colcon_core.event_handler.log_command:Invoked command in '/home/sunrise/workspace/ws_livox/build/livox_ros_driver2' returned '0': CMAKE_PREFIX_PATH=/opt/ros/humble /usr/bin/cmake --install /home/sunrise/workspace/ws_livox/build/livox_ros_driver2
[102.716s] Level 1:colcon.colcon_core.environment:checking '/home/sunrise/workspace/ws_livox/install/livox_ros_driver2' for CMake module files
[102.721s] Level 1:colcon.colcon_core.environment:checking '/home/sunrise/workspace/ws_livox/install/livox_ros_driver2' for CMake config files
[102.723s] Level 1:colcon.colcon_core.shell:create_environment_hook('livox_ros_driver2', 'cmake_prefix_path')
[102.724s] INFO:colcon.colcon_core.shell:Creating environment hook '/home/sunrise/workspace/ws_livox/install/livox_ros_driver2/share/livox_ros_driver2/hook/cmake_prefix_path.ps1'
[102.729s] INFO:colcon.colcon_core.shell:Creating environment descriptor '/home/sunrise/workspace/ws_livox/install/livox_ros_driver2/share/livox_ros_driver2/hook/cmake_prefix_path.dsv'
[102.732s] INFO:colcon.colcon_core.shell:Creating environment hook '/home/sunrise/workspace/ws_livox/install/livox_ros_driver2/share/livox_ros_driver2/hook/cmake_prefix_path.sh'
[102.737s] Level 1:colcon.colcon_core.environment:checking '/home/sunrise/workspace/ws_livox/install/livox_ros_driver2/lib'
[102.738s] Level 1:colcon.colcon_core.shell:create_environment_hook('livox_ros_driver2', 'ld_library_path_lib')
[102.740s] INFO:colcon.colcon_core.shell:Creating environment hook '/home/sunrise/workspace/ws_livox/install/livox_ros_driver2/share/livox_ros_driver2/hook/ld_library_path_lib.ps1'
[102.743s] INFO:colcon.colcon_core.shell:Creating environment descriptor '/home/sunrise/workspace/ws_livox/install/livox_ros_driver2/share/livox_ros_driver2/hook/ld_library_path_lib.dsv'
[102.745s] INFO:colcon.colcon_core.shell:Creating environment hook '/home/sunrise/workspace/ws_livox/install/livox_ros_driver2/share/livox_ros_driver2/hook/ld_library_path_lib.sh'
[102.747s] Level 1:colcon.colcon_core.environment:checking '/home/sunrise/workspace/ws_livox/install/livox_ros_driver2/bin'
[102.747s] Level 1:colcon.colcon_core.environment:checking '/home/sunrise/workspace/ws_livox/install/livox_ros_driver2/lib/pkgconfig/livox_ros_driver2.pc'
[102.749s] Level 1:colcon.colcon_core.environment:checking '/home/sunrise/workspace/ws_livox/install/livox_ros_driver2/lib/python3.10/site-packages'
[102.751s] Level 1:colcon.colcon_core.environment:checking '/home/sunrise/workspace/ws_livox/install/livox_ros_driver2/bin'
[102.754s] INFO:colcon.colcon_core.shell:Creating package script '/home/sunrise/workspace/ws_livox/install/livox_ros_driver2/share/livox_ros_driver2/package.ps1'
[102.762s] INFO:colcon.colcon_core.shell:Creating package descriptor '/home/sunrise/workspace/ws_livox/install/livox_ros_driver2/share/livox_ros_driver2/package.dsv'
[102.766s] INFO:colcon.colcon_core.shell:Creating package script '/home/sunrise/workspace/ws_livox/install/livox_ros_driver2/share/livox_ros_driver2/package.sh'
[102.772s] INFO:colcon.colcon_core.shell:Creating package script '/home/sunrise/workspace/ws_livox/install/livox_ros_driver2/share/livox_ros_driver2/package.bash'
[102.778s] INFO:colcon.colcon_core.shell:Creating package script '/home/sunrise/workspace/ws_livox/install/livox_ros_driver2/share/livox_ros_driver2/package.zsh'
[102.782s] Level 1:colcon.colcon_core.environment:create_file_with_runtime_dependencies(/home/sunrise/workspace/ws_livox/install/livox_ros_driver2/share/colcon-core/packages/livox_ros_driver2)
[102.787s] Level 1:colcon.colcon_core.environment:create_environment_scripts_only(livox_ros_driver2)
[102.789s] Level 1:colcon.colcon_core.environment:checking '/home/sunrise/workspace/ws_livox/install/livox_ros_driver2' for CMake module files
[102.794s] Level 1:colcon.colcon_core.environment:checking '/home/sunrise/workspace/ws_livox/install/livox_ros_driver2' for CMake config files
[102.796s] Level 1:colcon.colcon_core.shell:create_environment_hook('livox_ros_driver2', 'cmake_prefix_path')
[102.798s] INFO:colcon.colcon_core.shell:Creating environment hook '/home/sunrise/workspace/ws_livox/install/livox_ros_driver2/share/livox_ros_driver2/hook/cmake_prefix_path.ps1'
[102.801s] INFO:colcon.colcon_core.shell:Creating environment descriptor '/home/sunrise/workspace/ws_livox/install/livox_ros_driver2/share/livox_ros_driver2/hook/cmake_prefix_path.dsv'
[102.805s] INFO:colcon.colcon_core.shell:Creating environment hook '/home/sunrise/workspace/ws_livox/install/livox_ros_driver2/share/livox_ros_driver2/hook/cmake_prefix_path.sh'
[102.809s] Level 1:colcon.colcon_core.environment:checking '/home/sunrise/workspace/ws_livox/install/livox_ros_driver2/lib'
[102.810s] Level 1:colcon.colcon_core.shell:create_environment_hook('livox_ros_driver2', 'ld_library_path_lib')
[102.812s] INFO:colcon.colcon_core.shell:Creating environment hook '/home/sunrise/workspace/ws_livox/install/livox_ros_driver2/share/livox_ros_driver2/hook/ld_library_path_lib.ps1'
[102.816s] INFO:colcon.colcon_core.shell:Creating environment descriptor '/home/sunrise/workspace/ws_livox/install/livox_ros_driver2/share/livox_ros_driver2/hook/ld_library_path_lib.dsv'
[102.818s] INFO:colcon.colcon_core.shell:Creating environment hook '/home/sunrise/workspace/ws_livox/install/livox_ros_driver2/share/livox_ros_driver2/hook/ld_library_path_lib.sh'
[102.820s] Level 1:colcon.colcon_core.environment:checking '/home/sunrise/workspace/ws_livox/install/livox_ros_driver2/bin'
[102.820s] Level 1:colcon.colcon_core.environment:checking '/home/sunrise/workspace/ws_livox/install/livox_ros_driver2/lib/pkgconfig/livox_ros_driver2.pc'
[102.822s] Level 1:colcon.colcon_core.environment:checking '/home/sunrise/workspace/ws_livox/install/livox_ros_driver2/lib/python3.10/site-packages'
[102.824s] Level 1:colcon.colcon_core.environment:checking '/home/sunrise/workspace/ws_livox/install/livox_ros_driver2/bin'
[102.826s] INFO:colcon.colcon_core.shell:Creating package script '/home/sunrise/workspace/ws_livox/install/livox_ros_driver2/share/livox_ros_driver2/package.ps1'
[102.830s] INFO:colcon.colcon_core.shell:Creating package descriptor '/home/sunrise/workspace/ws_livox/install/livox_ros_driver2/share/livox_ros_driver2/package.dsv'
[102.833s] INFO:colcon.colcon_core.shell:Creating package script '/home/sunrise/workspace/ws_livox/install/livox_ros_driver2/share/livox_ros_driver2/package.sh'
[102.836s] INFO:colcon.colcon_core.shell:Creating package script '/home/sunrise/workspace/ws_livox/install/livox_ros_driver2/share/livox_ros_driver2/package.bash'
[102.838s] INFO:colcon.colcon_core.shell:Creating package script '/home/sunrise/workspace/ws_livox/install/livox_ros_driver2/share/livox_ros_driver2/package.zsh'
[102.840s] Level 1:colcon.colcon_core.environment:create_file_with_runtime_dependencies(/home/sunrise/workspace/ws_livox/install/livox_ros_driver2/share/colcon-core/packages/livox_ros_driver2)
[102.842s] DEBUG:colcon.colcon_parallel_executor.executor.parallel:closing loop
[102.844s] DEBUG:colcon.colcon_parallel_executor.executor.parallel:loop closed
[102.844s] DEBUG:colcon.colcon_parallel_executor.executor.parallel:run_until_complete finished with '0'
[102.845s] DEBUG:colcon.colcon_core.event_reactor:joining thread
[102.871s] INFO:colcon.colcon_core.plugin_system:Skipping extension 'colcon_notification.desktop_notification.notify_send': Could not find 'notify-send'
[102.871s] INFO:colcon.colcon_core.plugin_system:Skipping extension 'colcon_notification.desktop_notification.terminal_notifier': Not used on non-Darwin systems
[102.872s] INFO:colcon.colcon_core.plugin_system:Skipping extension 'colcon_notification.desktop_notification.win32': Not used on non-Windows systems
[102.873s] INFO:colcon.colcon_notification.desktop_notification:Sending desktop notification using 'notify2'
[102.882s] DEBUG:colcon.colcon_core.event_reactor:joined thread
[102.884s] INFO:colcon.colcon_core.shell:Creating prefix script '/home/sunrise/workspace/ws_livox/install/local_setup.ps1'
[102.892s] INFO:colcon.colcon_core.shell:Creating prefix util module '/home/sunrise/workspace/ws_livox/install/_local_setup_util_ps1.py'
[102.903s] INFO:colcon.colcon_core.shell:Creating prefix chain script '/home/sunrise/workspace/ws_livox/install/setup.ps1'
[102.910s] INFO:colcon.colcon_core.shell:Creating prefix script '/home/sunrise/workspace/ws_livox/install/local_setup.sh'
[102.913s] INFO:colcon.colcon_core.shell:Creating prefix util module '/home/sunrise/workspace/ws_livox/install/_local_setup_util_sh.py'
[102.917s] INFO:colcon.colcon_core.shell:Creating prefix chain script '/home/sunrise/workspace/ws_livox/install/setup.sh'
[102.925s] INFO:colcon.colcon_core.shell:Creating prefix script '/home/sunrise/workspace/ws_livox/install/local_setup.bash'
[102.928s] INFO:colcon.colcon_core.shell:Creating prefix chain script '/home/sunrise/workspace/ws_livox/install/setup.bash'
[102.935s] INFO:colcon.colcon_core.shell:Creating prefix script '/home/sunrise/workspace/ws_livox/install/local_setup.zsh'
[102.939s] INFO:colcon.colcon_core.shell:Creating prefix chain script '/home/sunrise/workspace/ws_livox/install/setup.zsh'
