[0.608s] DEBUG:colcon:Command line arguments: ['/usr/bin/colcon', 'build', '--packages-select', 'mavros_area_planner']
[0.608s] DEBUG:colcon:Parsed command line arguments: Namespace(log_base=None, log_level=None, verb_name='build', build_base='build', install_base='install', merge_install=False, symlink_install=False, test_result_base=None, continue_on_error=False, executor='parallel', parallel_workers=8, event_handlers=None, ignore_user_meta=False, metas=['./colcon.meta'], base_paths=['.'], packages_ignore=None, packages_ignore_regex=None, paths=None, packages_up_to=None, packages_up_to_regex=None, packages_above=None, packages_above_and_dependencies=None, packages_above_depth=None, packages_select_by_dep=None, packages_skip_by_dep=None, packages_skip_up_to=None, packages_select_build_failed=False, packages_skip_build_finished=False, packages_select_test_failures=False, packages_skip_test_passed=False, packages_select=['mavros_area_planner'], packages_skip=None, packages_select_regex=None, packages_skip_regex=None, packages_start=None, packages_end=None, allow_overriding=[], cmake_args=None, cmake_target=None, cmake_target_skip_unavailable=False, cmake_clean_cache=False, cmake_clean_first=False, cmake_force_configure=False, ament_cmake_args=None, catkin_cmake_args=None, catkin_skip_building_tests=False, verb_parser=<colcon_defaults.argument_parser.defaults.DefaultArgumentsDecorator object at 0xffffa33acc10>, verb_extension=<colcon_core.verb.build.BuildVerb object at 0xffffa33ac820>, main=<bound method BuildVerb.main of <colcon_core.verb.build.BuildVerb object at 0xffffa33ac820>>)
[0.851s] Level 1:colcon.colcon_core.package_discovery:discover_packages(colcon_meta) check parameters
[0.852s] Level 1:colcon.colcon_core.package_discovery:discover_packages(recursive) check parameters
[0.852s] Level 1:colcon.colcon_core.package_discovery:discover_packages(ignore) check parameters
[0.853s] Level 1:colcon.colcon_core.package_discovery:discover_packages(path) check parameters
[0.853s] Level 1:colcon.colcon_core.package_discovery:discover_packages(colcon_meta) discover
[0.853s] Level 1:colcon.colcon_core.package_discovery:discover_packages(recursive) discover
[0.854s] INFO:colcon.colcon_core.package_discovery:Crawling recursively for packages in '/home/sunrise/workspace/fly'
[0.854s] Level 1:colcon.colcon_core.package_identification:_identify(.) by extensions ['ignore', 'ignore_ament_install']
[0.855s] Level 1:colcon.colcon_core.package_identification:_identify(.) by extension 'ignore'
[0.855s] Level 1:colcon.colcon_core.package_identification:_identify(.) by extension 'ignore_ament_install'
[0.856s] Level 1:colcon.colcon_core.package_identification:_identify(.) by extensions ['colcon_pkg']
[0.856s] Level 1:colcon.colcon_core.package_identification:_identify(.) by extension 'colcon_pkg'
[0.856s] Level 1:colcon.colcon_core.package_identification:_identify(.) by extensions ['colcon_meta']
[0.857s] Level 1:colcon.colcon_core.package_identification:_identify(.) by extension 'colcon_meta'
[0.857s] Level 1:colcon.colcon_core.package_identification:_identify(.) by extensions ['ros']
[0.857s] Level 1:colcon.colcon_core.package_identification:_identify(.) by extension 'ros'
[0.958s] Level 1:colcon.colcon_core.package_identification:_identify(.) by extensions ['cmake', 'python']
[0.959s] Level 1:colcon.colcon_core.package_identification:_identify(.) by extension 'cmake'
[0.959s] Level 1:colcon.colcon_core.package_identification:_identify(.) by extension 'python'
[0.960s] Level 1:colcon.colcon_core.package_identification:_identify(.) by extensions ['python_setup_py']
[0.960s] Level 1:colcon.colcon_core.package_identification:_identify(.) by extension 'python_setup_py'
[0.961s] Level 1:colcon.colcon_core.package_identification:_identify(build) by extensions ['ignore', 'ignore_ament_install']
[0.961s] Level 1:colcon.colcon_core.package_identification:_identify(build) by extension 'ignore'
[0.961s] Level 1:colcon.colcon_core.package_identification:_identify(build) ignored
[0.962s] Level 1:colcon.colcon_core.package_identification:_identify(install) by extensions ['ignore', 'ignore_ament_install']
[0.963s] Level 1:colcon.colcon_core.package_identification:_identify(install) by extension 'ignore'
[0.963s] Level 1:colcon.colcon_core.package_identification:_identify(install) ignored
[0.964s] Level 1:colcon.colcon_core.package_identification:_identify(log) by extensions ['ignore', 'ignore_ament_install']
[0.964s] Level 1:colcon.colcon_core.package_identification:_identify(log) by extension 'ignore'
[0.964s] Level 1:colcon.colcon_core.package_identification:_identify(log) ignored
[0.965s] Level 1:colcon.colcon_core.package_identification:_identify(src) by extensions ['ignore', 'ignore_ament_install']
[0.965s] Level 1:colcon.colcon_core.package_identification:_identify(src) by extension 'ignore'
[0.966s] Level 1:colcon.colcon_core.package_identification:_identify(src) by extension 'ignore_ament_install'
[0.966s] Level 1:colcon.colcon_core.package_identification:_identify(src) by extensions ['colcon_pkg']
[0.966s] Level 1:colcon.colcon_core.package_identification:_identify(src) by extension 'colcon_pkg'
[0.967s] Level 1:colcon.colcon_core.package_identification:_identify(src) by extensions ['colcon_meta']
[0.967s] Level 1:colcon.colcon_core.package_identification:_identify(src) by extension 'colcon_meta'
[0.967s] Level 1:colcon.colcon_core.package_identification:_identify(src) by extensions ['ros']
[0.967s] Level 1:colcon.colcon_core.package_identification:_identify(src) by extension 'ros'
[0.968s] Level 1:colcon.colcon_core.package_identification:_identify(src) by extensions ['cmake', 'python']
[0.968s] Level 1:colcon.colcon_core.package_identification:_identify(src) by extension 'cmake'
[0.968s] Level 1:colcon.colcon_core.package_identification:_identify(src) by extension 'python'
[0.969s] Level 1:colcon.colcon_core.package_identification:_identify(src) by extensions ['python_setup_py']
[0.969s] Level 1:colcon.colcon_core.package_identification:_identify(src) by extension 'python_setup_py'
[0.970s] Level 1:colcon.colcon_core.package_identification:_identify(src/mavros_area_planner) by extensions ['ignore', 'ignore_ament_install']
[0.970s] Level 1:colcon.colcon_core.package_identification:_identify(src/mavros_area_planner) by extension 'ignore'
[0.970s] Level 1:colcon.colcon_core.package_identification:_identify(src/mavros_area_planner) by extension 'ignore_ament_install'
[0.971s] Level 1:colcon.colcon_core.package_identification:_identify(src/mavros_area_planner) by extensions ['colcon_pkg']
[0.971s] Level 1:colcon.colcon_core.package_identification:_identify(src/mavros_area_planner) by extension 'colcon_pkg'
[0.971s] Level 1:colcon.colcon_core.package_identification:_identify(src/mavros_area_planner) by extensions ['colcon_meta']
[0.971s] Level 1:colcon.colcon_core.package_identification:_identify(src/mavros_area_planner) by extension 'colcon_meta'
[0.972s] Level 1:colcon.colcon_core.package_identification:_identify(src/mavros_area_planner) by extensions ['ros']
[0.972s] Level 1:colcon.colcon_core.package_identification:_identify(src/mavros_area_planner) by extension 'ros'
[0.988s] DEBUG:colcon.colcon_core.package_identification:Package 'src/mavros_area_planner' with type 'ros.ament_cmake' and name 'mavros_area_planner'
[0.988s] Level 1:colcon.colcon_core.package_identification:_identify(src/test_fly_pkg) by extensions ['ignore', 'ignore_ament_install']
[0.989s] Level 1:colcon.colcon_core.package_identification:_identify(src/test_fly_pkg) by extension 'ignore'
[0.990s] Level 1:colcon.colcon_core.package_identification:_identify(src/test_fly_pkg) by extension 'ignore_ament_install'
[0.990s] Level 1:colcon.colcon_core.package_identification:_identify(src/test_fly_pkg) by extensions ['colcon_pkg']
[0.990s] Level 1:colcon.colcon_core.package_identification:_identify(src/test_fly_pkg) by extension 'colcon_pkg'
[0.990s] Level 1:colcon.colcon_core.package_identification:_identify(src/test_fly_pkg) by extensions ['colcon_meta']
[0.991s] Level 1:colcon.colcon_core.package_identification:_identify(src/test_fly_pkg) by extension 'colcon_meta'
[0.991s] Level 1:colcon.colcon_core.package_identification:_identify(src/test_fly_pkg) by extensions ['ros']
[0.991s] Level 1:colcon.colcon_core.package_identification:_identify(src/test_fly_pkg) by extension 'ros'
[0.997s] DEBUG:colcon.colcon_core.package_identification:Package 'src/test_fly_pkg' with type 'ros.ament_cmake' and name 'test_fly_pkg'
[0.998s] Level 1:colcon.colcon_core.package_discovery:discover_packages(recursive) using defaults
[0.998s] Level 1:colcon.colcon_core.package_discovery:discover_packages(ignore) discover
[0.998s] Level 1:colcon.colcon_core.package_discovery:discover_packages(ignore) using defaults
[0.999s] Level 1:colcon.colcon_core.package_discovery:discover_packages(path) discover
[0.999s] Level 1:colcon.colcon_core.package_discovery:discover_packages(path) using defaults
[1.122s] INFO:colcon.colcon_core.package_selection:Skipping not selected package 'test_fly_pkg' in 'src/test_fly_pkg'
[1.124s] Level 1:colcon.colcon_core.package_discovery:discover_packages(prefix_path) check parameters
[1.125s] Level 1:colcon.colcon_core.package_discovery:discover_packages(prefix_path) discover
[1.136s] DEBUG:colcon.colcon_installed_package_information.package_discovery:Found 2 installed packages in /home/sunrise/workspace/fly/install
[1.145s] DEBUG:colcon.colcon_installed_package_information.package_discovery:Found 280 installed packages in /opt/ros/humble
[1.157s] Level 1:colcon.colcon_core.package_discovery:discover_packages(prefix_path) using defaults
[1.507s] Level 5:colcon.colcon_core.verb:set package 'mavros_area_planner' build argument 'cmake_args' from command line to 'None'
[1.507s] Level 5:colcon.colcon_core.verb:set package 'mavros_area_planner' build argument 'cmake_target' from command line to 'None'
[1.507s] Level 5:colcon.colcon_core.verb:set package 'mavros_area_planner' build argument 'cmake_target_skip_unavailable' from command line to 'False'
[1.507s] Level 5:colcon.colcon_core.verb:set package 'mavros_area_planner' build argument 'cmake_clean_cache' from command line to 'False'
[1.508s] Level 5:colcon.colcon_core.verb:set package 'mavros_area_planner' build argument 'cmake_clean_first' from command line to 'False'
[1.508s] Level 5:colcon.colcon_core.verb:set package 'mavros_area_planner' build argument 'cmake_force_configure' from command line to 'False'
[1.508s] Level 5:colcon.colcon_core.verb:set package 'mavros_area_planner' build argument 'ament_cmake_args' from command line to 'None'
[1.508s] Level 5:colcon.colcon_core.verb:set package 'mavros_area_planner' build argument 'catkin_cmake_args' from command line to 'None'
[1.508s] Level 5:colcon.colcon_core.verb:set package 'mavros_area_planner' build argument 'catkin_skip_building_tests' from command line to 'False'
[1.509s] DEBUG:colcon.colcon_core.verb:Building package 'mavros_area_planner' with the following arguments: {'ament_cmake_args': None, 'build_base': '/home/sunrise/workspace/fly/build/mavros_area_planner', 'catkin_cmake_args': None, 'catkin_skip_building_tests': False, 'cmake_args': None, 'cmake_clean_cache': False, 'cmake_clean_first': False, 'cmake_force_configure': False, 'cmake_target': None, 'cmake_target_skip_unavailable': False, 'install_base': '/home/sunrise/workspace/fly/install/mavros_area_planner', 'merge_install': False, 'path': '/home/sunrise/workspace/fly/src/mavros_area_planner', 'symlink_install': False, 'test_result_base': None}
[1.510s] INFO:colcon.colcon_core.executor:Executing jobs using 'parallel' executor
[1.516s] DEBUG:colcon.colcon_parallel_executor.executor.parallel:run_until_complete
[1.518s] INFO:colcon.colcon_ros.task.ament_cmake.build:Building ROS package in '/home/sunrise/workspace/fly/src/mavros_area_planner' with build type 'ament_cmake'
[1.519s] INFO:colcon.colcon_cmake.task.cmake.build:Building CMake package in '/home/sunrise/workspace/fly/src/mavros_area_planner'
[1.536s] INFO:colcon.colcon_core.plugin_system:Skipping extension 'colcon_core.shell.bat': Not used on non-Windows systems
[1.537s] INFO:colcon.colcon_core.shell:Skip shell extension 'powershell' for command environment: Not usable outside of PowerShell
[1.538s] DEBUG:colcon.colcon_core.shell:Skip shell extension 'dsv' for command environment
[1.592s] DEBUG:colcon.colcon_core.event_handler.log_command:Invoking command in '/home/sunrise/workspace/fly/build/mavros_area_planner': CMAKE_PREFIX_PATH=${CMAKE_PREFIX_PATH}:/opt/ros/humble /usr/bin/cmake --build /home/sunrise/workspace/fly/build/mavros_area_planner -- -j8 -l8
[1.953s] DEBUG:colcon.colcon_core.event_handler.log_command:Invoked command in '/home/sunrise/workspace/fly/build/mavros_area_planner' returned '0': CMAKE_PREFIX_PATH=${CMAKE_PREFIX_PATH}:/opt/ros/humble /usr/bin/cmake --build /home/sunrise/workspace/fly/build/mavros_area_planner -- -j8 -l8
[2.008s] DEBUG:colcon.colcon_core.event_handler.log_command:Invoking command in '/home/sunrise/workspace/fly/build/mavros_area_planner': CMAKE_PREFIX_PATH=${CMAKE_PREFIX_PATH}:/opt/ros/humble /usr/bin/cmake --install /home/sunrise/workspace/fly/build/mavros_area_planner
[2.089s] Level 1:colcon.colcon_core.environment:create_environment_scripts_only(mavros_area_planner)
[2.092s] DEBUG:colcon.colcon_core.event_handler.log_command:Invoked command in '/home/sunrise/workspace/fly/build/mavros_area_planner' returned '0': CMAKE_PREFIX_PATH=${CMAKE_PREFIX_PATH}:/opt/ros/humble /usr/bin/cmake --install /home/sunrise/workspace/fly/build/mavros_area_planner
[2.108s] Level 1:colcon.colcon_core.environment:checking '/home/sunrise/workspace/fly/install/mavros_area_planner' for CMake module files
[2.115s] Level 1:colcon.colcon_core.environment:checking '/home/sunrise/workspace/fly/install/mavros_area_planner' for CMake config files
[2.118s] Level 1:colcon.colcon_core.shell:create_environment_hook('mavros_area_planner', 'cmake_prefix_path')
[2.120s] INFO:colcon.colcon_core.shell:Creating environment hook '/home/sunrise/workspace/fly/install/mavros_area_planner/share/mavros_area_planner/hook/cmake_prefix_path.ps1'
[2.125s] INFO:colcon.colcon_core.shell:Creating environment descriptor '/home/sunrise/workspace/fly/install/mavros_area_planner/share/mavros_area_planner/hook/cmake_prefix_path.dsv'
[2.129s] INFO:colcon.colcon_core.shell:Creating environment hook '/home/sunrise/workspace/fly/install/mavros_area_planner/share/mavros_area_planner/hook/cmake_prefix_path.sh'
[2.136s] Level 1:colcon.colcon_core.environment:checking '/home/sunrise/workspace/fly/install/mavros_area_planner/lib'
[2.138s] Level 1:colcon.colcon_core.environment:checking '/home/sunrise/workspace/fly/install/mavros_area_planner/bin'
[2.139s] Level 1:colcon.colcon_core.environment:checking '/home/sunrise/workspace/fly/install/mavros_area_planner/lib/pkgconfig/mavros_area_planner.pc'
[2.141s] Level 1:colcon.colcon_core.environment:checking '/home/sunrise/workspace/fly/install/mavros_area_planner/lib/python3.10/site-packages'
[2.144s] Level 1:colcon.colcon_core.environment:checking '/home/sunrise/workspace/fly/install/mavros_area_planner/bin'
[2.147s] INFO:colcon.colcon_core.shell:Creating package script '/home/sunrise/workspace/fly/install/mavros_area_planner/share/mavros_area_planner/package.ps1'
[2.156s] INFO:colcon.colcon_core.shell:Creating package descriptor '/home/sunrise/workspace/fly/install/mavros_area_planner/share/mavros_area_planner/package.dsv'
[2.161s] INFO:colcon.colcon_core.shell:Creating package script '/home/sunrise/workspace/fly/install/mavros_area_planner/share/mavros_area_planner/package.sh'
[2.167s] INFO:colcon.colcon_core.shell:Creating package script '/home/sunrise/workspace/fly/install/mavros_area_planner/share/mavros_area_planner/package.bash'
[2.173s] INFO:colcon.colcon_core.shell:Creating package script '/home/sunrise/workspace/fly/install/mavros_area_planner/share/mavros_area_planner/package.zsh'
[2.178s] Level 1:colcon.colcon_core.environment:create_file_with_runtime_dependencies(/home/sunrise/workspace/fly/install/mavros_area_planner/share/colcon-core/packages/mavros_area_planner)
[2.182s] Level 1:colcon.colcon_core.environment:create_environment_scripts_only(mavros_area_planner)
[2.184s] Level 1:colcon.colcon_core.environment:checking '/home/sunrise/workspace/fly/install/mavros_area_planner' for CMake module files
[2.187s] Level 1:colcon.colcon_core.environment:checking '/home/sunrise/workspace/fly/install/mavros_area_planner' for CMake config files
[2.188s] Level 1:colcon.colcon_core.shell:create_environment_hook('mavros_area_planner', 'cmake_prefix_path')
[2.190s] INFO:colcon.colcon_core.shell:Creating environment hook '/home/sunrise/workspace/fly/install/mavros_area_planner/share/mavros_area_planner/hook/cmake_prefix_path.ps1'
[2.193s] INFO:colcon.colcon_core.shell:Creating environment descriptor '/home/sunrise/workspace/fly/install/mavros_area_planner/share/mavros_area_planner/hook/cmake_prefix_path.dsv'
[2.196s] INFO:colcon.colcon_core.shell:Creating environment hook '/home/sunrise/workspace/fly/install/mavros_area_planner/share/mavros_area_planner/hook/cmake_prefix_path.sh'
[2.200s] Level 1:colcon.colcon_core.environment:checking '/home/sunrise/workspace/fly/install/mavros_area_planner/lib'
[2.201s] Level 1:colcon.colcon_core.environment:checking '/home/sunrise/workspace/fly/install/mavros_area_planner/bin'
[2.201s] Level 1:colcon.colcon_core.environment:checking '/home/sunrise/workspace/fly/install/mavros_area_planner/lib/pkgconfig/mavros_area_planner.pc'
[2.203s] Level 1:colcon.colcon_core.environment:checking '/home/sunrise/workspace/fly/install/mavros_area_planner/lib/python3.10/site-packages'
[2.205s] Level 1:colcon.colcon_core.environment:checking '/home/sunrise/workspace/fly/install/mavros_area_planner/bin'
[2.207s] INFO:colcon.colcon_core.shell:Creating package script '/home/sunrise/workspace/fly/install/mavros_area_planner/share/mavros_area_planner/package.ps1'
[2.212s] INFO:colcon.colcon_core.shell:Creating package descriptor '/home/sunrise/workspace/fly/install/mavros_area_planner/share/mavros_area_planner/package.dsv'
[2.215s] INFO:colcon.colcon_core.shell:Creating package script '/home/sunrise/workspace/fly/install/mavros_area_planner/share/mavros_area_planner/package.sh'
[2.220s] INFO:colcon.colcon_core.shell:Creating package script '/home/sunrise/workspace/fly/install/mavros_area_planner/share/mavros_area_planner/package.bash'
[2.223s] INFO:colcon.colcon_core.shell:Creating package script '/home/sunrise/workspace/fly/install/mavros_area_planner/share/mavros_area_planner/package.zsh'
[2.226s] Level 1:colcon.colcon_core.environment:create_file_with_runtime_dependencies(/home/sunrise/workspace/fly/install/mavros_area_planner/share/colcon-core/packages/mavros_area_planner)
[2.228s] DEBUG:colcon.colcon_parallel_executor.executor.parallel:closing loop
[2.230s] DEBUG:colcon.colcon_parallel_executor.executor.parallel:loop closed
[2.231s] DEBUG:colcon.colcon_parallel_executor.executor.parallel:run_until_complete finished with '0'
[2.232s] DEBUG:colcon.colcon_core.event_reactor:joining thread
[2.265s] INFO:colcon.colcon_core.plugin_system:Skipping extension 'colcon_notification.desktop_notification.notify_send': Could not find 'notify-send'
[2.266s] INFO:colcon.colcon_core.plugin_system:Skipping extension 'colcon_notification.desktop_notification.terminal_notifier': Not used on non-Darwin systems
[2.267s] INFO:colcon.colcon_core.plugin_system:Skipping extension 'colcon_notification.desktop_notification.win32': Not used on non-Windows systems
[2.267s] INFO:colcon.colcon_notification.desktop_notification:Sending desktop notification using 'notify2'
[2.276s] DEBUG:colcon.colcon_core.event_reactor:joined thread
[2.278s] INFO:colcon.colcon_core.shell:Creating prefix script '/home/sunrise/workspace/fly/install/local_setup.ps1'
[2.284s] INFO:colcon.colcon_core.shell:Creating prefix util module '/home/sunrise/workspace/fly/install/_local_setup_util_ps1.py'
[2.294s] INFO:colcon.colcon_core.shell:Creating prefix chain script '/home/sunrise/workspace/fly/install/setup.ps1'
[2.305s] INFO:colcon.colcon_core.shell:Creating prefix script '/home/sunrise/workspace/fly/install/local_setup.sh'
[2.310s] INFO:colcon.colcon_core.shell:Creating prefix util module '/home/sunrise/workspace/fly/install/_local_setup_util_sh.py'
[2.314s] INFO:colcon.colcon_core.shell:Creating prefix chain script '/home/sunrise/workspace/fly/install/setup.sh'
[2.323s] INFO:colcon.colcon_core.shell:Creating prefix script '/home/sunrise/workspace/fly/install/local_setup.bash'
[2.326s] INFO:colcon.colcon_core.shell:Creating prefix chain script '/home/sunrise/workspace/fly/install/setup.bash'
[2.333s] INFO:colcon.colcon_core.shell:Creating prefix script '/home/sunrise/workspace/fly/install/local_setup.zsh'
[2.337s] INFO:colcon.colcon_core.shell:Creating prefix chain script '/home/sunrise/workspace/fly/install/setup.zsh'
