[35m[1mConsolidate compiler generated dependencies of target mavros_csv_area_mission[0m
[100%] Built target mavros_csv_area_mission
-- Install configuration: ""
-- Up-to-date: /home/sunrise/workspace/fly/install/mavros_area_planner/lib/mavros_area_planner/mavros_csv_area_mission
-- Installing: /home/sunrise/workspace/fly/install/mavros_area_planner/lib/mavros_area_planner/area_planner_gui.py
-- Up-to-date: /home/sunrise/workspace/fly/install/mavros_area_planner/share/ament_index/resource_index/package_run_dependencies/mavros_area_planner
-- Up-to-date: /home/sunrise/workspace/fly/install/mavros_area_planner/share/ament_index/resource_index/parent_prefix_path/mavros_area_planner
-- Up-to-date: /home/sunrise/workspace/fly/install/mavros_area_planner/share/mavros_area_planner/environment/ament_prefix_path.sh
-- Up-to-date: /home/sunrise/workspace/fly/install/mavros_area_planner/share/mavros_area_planner/environment/ament_prefix_path.dsv
-- Up-to-date: /home/sunrise/workspace/fly/install/mavros_area_planner/share/mavros_area_planner/environment/path.sh
-- Up-to-date: /home/sunrise/workspace/fly/install/mavros_area_planner/share/mavros_area_planner/environment/path.dsv
-- Up-to-date: /home/sunrise/workspace/fly/install/mavros_area_planner/share/mavros_area_planner/local_setup.bash
-- Up-to-date: /home/sunrise/workspace/fly/install/mavros_area_planner/share/mavros_area_planner/local_setup.sh
-- Up-to-date: /home/sunrise/workspace/fly/install/mavros_area_planner/share/mavros_area_planner/local_setup.zsh
-- Up-to-date: /home/sunrise/workspace/fly/install/mavros_area_planner/share/mavros_area_planner/local_setup.dsv
-- Installing: /home/sunrise/workspace/fly/install/mavros_area_planner/share/mavros_area_planner/package.dsv
-- Up-to-date: /home/sunrise/workspace/fly/install/mavros_area_planner/share/ament_index/resource_index/packages/mavros_area_planner
-- Up-to-date: /home/sunrise/workspace/fly/install/mavros_area_planner/share/mavros_area_planner/cmake/mavros_area_plannerConfig.cmake
-- Up-to-date: /home/sunrise/workspace/fly/install/mavros_area_planner/share/mavros_area_planner/cmake/mavros_area_plannerConfig-version.cmake
-- Up-to-date: /home/sunrise/workspace/fly/install/mavros_area_planner/share/mavros_area_planner/package.xml
