[0.066s] Invoking command in '/home/sunrise/workspace/fly/build/mavros_area_planner': CMAKE_PREFIX_PATH=${CMAKE_PREFIX_PATH}:/opt/ros/humble /usr/bin/cmake --build /home/sunrise/workspace/fly/build/mavros_area_planner -- -j8 -l8
[0.284s] [35m[1mConsolidate compiler generated dependencies of target mavros_csv_area_mission[0m
[0.379s] [100%] Built target mavros_csv_area_mission
[0.431s] Invoked command in '/home/sunrise/workspace/fly/build/mavros_area_planner' returned '0': CMAKE_PREFIX_PATH=${CMAKE_PREFIX_PATH}:/opt/ros/humble /usr/bin/cmake --build /home/sunrise/workspace/fly/build/mavros_area_planner -- -j8 -l8
[0.481s] Invoking command in '/home/sunrise/workspace/fly/build/mavros_area_planner': CMAKE_PREFIX_PATH=${CMAKE_PREFIX_PATH}:/opt/ros/humble /usr/bin/cmake --install /home/sunrise/workspace/fly/build/mavros_area_planner
[0.521s] -- Install configuration: ""
[0.555s] -- Up-to-date: /home/sunrise/workspace/fly/install/mavros_area_planner/lib/mavros_area_planner/mavros_csv_area_mission
[0.556s] -- Installing: /home/sunrise/workspace/fly/install/mavros_area_planner/lib/mavros_area_planner/area_planner_gui.py
[0.557s] -- Up-to-date: /home/sunrise/workspace/fly/install/mavros_area_planner/share/ament_index/resource_index/package_run_dependencies/mavros_area_planner
[0.558s] -- Up-to-date: /home/sunrise/workspace/fly/install/mavros_area_planner/share/ament_index/resource_index/parent_prefix_path/mavros_area_planner
[0.558s] -- Up-to-date: /home/sunrise/workspace/fly/install/mavros_area_planner/share/mavros_area_planner/environment/ament_prefix_path.sh
[0.559s] -- Up-to-date: /home/sunrise/workspace/fly/install/mavros_area_planner/share/mavros_area_planner/environment/ament_prefix_path.dsv
[0.559s] -- Up-to-date: /home/sunrise/workspace/fly/install/mavros_area_planner/share/mavros_area_planner/environment/path.sh
[0.560s] -- Up-to-date: /home/sunrise/workspace/fly/install/mavros_area_planner/share/mavros_area_planner/environment/path.dsv
[0.560s] -- Up-to-date: /home/sunrise/workspace/fly/install/mavros_area_planner/share/mavros_area_planner/local_setup.bash
[0.561s] -- Up-to-date: /home/sunrise/workspace/fly/install/mavros_area_planner/share/mavros_area_planner/local_setup.sh
[0.561s] -- Up-to-date: /home/sunrise/workspace/fly/install/mavros_area_planner/share/mavros_area_planner/local_setup.zsh
[0.562s] -- Up-to-date: /home/sunrise/workspace/fly/install/mavros_area_planner/share/mavros_area_planner/local_setup.dsv
[0.562s] -- Installing: /home/sunrise/workspace/fly/install/mavros_area_planner/share/mavros_area_planner/package.dsv
[0.563s] -- Up-to-date: /home/sunrise/workspace/fly/install/mavros_area_planner/share/ament_index/resource_index/packages/mavros_area_planner
[0.563s] -- Up-to-date: /home/sunrise/workspace/fly/install/mavros_area_planner/share/mavros_area_planner/cmake/mavros_area_plannerConfig.cmake
[0.564s] -- Up-to-date: /home/sunrise/workspace/fly/install/mavros_area_planner/share/mavros_area_planner/cmake/mavros_area_plannerConfig-version.cmake
[0.564s] -- Up-to-date: /home/sunrise/workspace/fly/install/mavros_area_planner/share/mavros_area_planner/package.xml
[0.570s] Invoked command in '/home/sunrise/workspace/fly/build/mavros_area_planner' returned '0': CMAKE_PREFIX_PATH=${CMAKE_PREFIX_PATH}:/opt/ros/humble /usr/bin/cmake --install /home/sunrise/workspace/fly/build/mavros_area_planner
