[1.647s] DEBUG:colcon:Command line arguments: ['/usr/bin/colcon', 'build']
[1.648s] DEBUG:colcon:Parsed command line arguments: Namespace(log_base=None, log_level=None, verb_name='build', build_base='build', install_base='install', merge_install=False, symlink_install=False, test_result_base=None, continue_on_error=False, executor='parallel', parallel_workers=8, event_handlers=None, ignore_user_meta=False, metas=['./colcon.meta'], base_paths=['.'], packages_ignore=None, packages_ignore_regex=None, paths=None, packages_up_to=None, packages_up_to_regex=None, packages_above=None, packages_above_and_dependencies=None, packages_above_depth=None, packages_select_by_dep=None, packages_skip_by_dep=None, packages_skip_up_to=None, packages_select_build_failed=False, packages_skip_build_finished=False, packages_select_test_failures=False, packages_skip_test_passed=False, packages_select=None, packages_skip=None, packages_select_regex=None, packages_skip_regex=None, packages_start=None, packages_end=None, allow_overriding=[], cmake_args=None, cmake_target=None, cmake_target_skip_unavailable=False, cmake_clean_cache=False, cmake_clean_first=False, cmake_force_configure=False, ament_cmake_args=None, catkin_cmake_args=None, catkin_skip_building_tests=False, verb_parser=<colcon_defaults.argument_parser.defaults.DefaultArgumentsDecorator object at 0xffffb34fcc10>, verb_extension=<colcon_core.verb.build.BuildVerb object at 0xffffb34fc820>, main=<bound method BuildVerb.main of <colcon_core.verb.build.BuildVerb object at 0xffffb34fc820>>)
[2.004s] Level 1:colcon.colcon_core.package_discovery:discover_packages(colcon_meta) check parameters
[2.005s] Level 1:colcon.colcon_core.package_discovery:discover_packages(recursive) check parameters
[2.005s] Level 1:colcon.colcon_core.package_discovery:discover_packages(ignore) check parameters
[2.005s] Level 1:colcon.colcon_core.package_discovery:discover_packages(path) check parameters
[2.005s] Level 1:colcon.colcon_core.package_discovery:discover_packages(colcon_meta) discover
[2.006s] Level 1:colcon.colcon_core.package_discovery:discover_packages(recursive) discover
[2.006s] INFO:colcon.colcon_core.package_discovery:Crawling recursively for packages in '/home/sunrise/workspace/fly'
[2.007s] Level 1:colcon.colcon_core.package_identification:_identify(.) by extensions ['ignore', 'ignore_ament_install']
[2.007s] Level 1:colcon.colcon_core.package_identification:_identify(.) by extension 'ignore'
[2.008s] Level 1:colcon.colcon_core.package_identification:_identify(.) by extension 'ignore_ament_install'
[2.008s] Level 1:colcon.colcon_core.package_identification:_identify(.) by extensions ['colcon_pkg']
[2.008s] Level 1:colcon.colcon_core.package_identification:_identify(.) by extension 'colcon_pkg'
[2.008s] Level 1:colcon.colcon_core.package_identification:_identify(.) by extensions ['colcon_meta']
[2.009s] Level 1:colcon.colcon_core.package_identification:_identify(.) by extension 'colcon_meta'
[2.009s] Level 1:colcon.colcon_core.package_identification:_identify(.) by extensions ['ros']
[2.009s] Level 1:colcon.colcon_core.package_identification:_identify(.) by extension 'ros'
[2.112s] Level 1:colcon.colcon_core.package_identification:_identify(.) by extensions ['cmake', 'python']
[2.112s] Level 1:colcon.colcon_core.package_identification:_identify(.) by extension 'cmake'
[2.113s] Level 1:colcon.colcon_core.package_identification:_identify(.) by extension 'python'
[2.113s] Level 1:colcon.colcon_core.package_identification:_identify(.) by extensions ['python_setup_py']
[2.113s] Level 1:colcon.colcon_core.package_identification:_identify(.) by extension 'python_setup_py'
[2.114s] Level 1:colcon.colcon_core.package_identification:_identify(build) by extensions ['ignore', 'ignore_ament_install']
[2.114s] Level 1:colcon.colcon_core.package_identification:_identify(build) by extension 'ignore'
[2.115s] Level 1:colcon.colcon_core.package_identification:_identify(build) ignored
[2.115s] Level 1:colcon.colcon_core.package_identification:_identify(install) by extensions ['ignore', 'ignore_ament_install']
[2.116s] Level 1:colcon.colcon_core.package_identification:_identify(install) by extension 'ignore'
[2.116s] Level 1:colcon.colcon_core.package_identification:_identify(install) ignored
[2.117s] Level 1:colcon.colcon_core.package_identification:_identify(log) by extensions ['ignore', 'ignore_ament_install']
[2.117s] Level 1:colcon.colcon_core.package_identification:_identify(log) by extension 'ignore'
[2.118s] Level 1:colcon.colcon_core.package_identification:_identify(log) ignored
[2.118s] Level 1:colcon.colcon_core.package_identification:_identify(src) by extensions ['ignore', 'ignore_ament_install']
[2.119s] Level 1:colcon.colcon_core.package_identification:_identify(src) by extension 'ignore'
[2.119s] Level 1:colcon.colcon_core.package_identification:_identify(src) by extension 'ignore_ament_install'
[2.120s] Level 1:colcon.colcon_core.package_identification:_identify(src) by extensions ['colcon_pkg']
[2.120s] Level 1:colcon.colcon_core.package_identification:_identify(src) by extension 'colcon_pkg'
[2.120s] Level 1:colcon.colcon_core.package_identification:_identify(src) by extensions ['colcon_meta']
[2.120s] Level 1:colcon.colcon_core.package_identification:_identify(src) by extension 'colcon_meta'
[2.121s] Level 1:colcon.colcon_core.package_identification:_identify(src) by extensions ['ros']
[2.121s] Level 1:colcon.colcon_core.package_identification:_identify(src) by extension 'ros'
[2.121s] Level 1:colcon.colcon_core.package_identification:_identify(src) by extensions ['cmake', 'python']
[2.122s] Level 1:colcon.colcon_core.package_identification:_identify(src) by extension 'cmake'
[2.122s] Level 1:colcon.colcon_core.package_identification:_identify(src) by extension 'python'
[2.122s] Level 1:colcon.colcon_core.package_identification:_identify(src) by extensions ['python_setup_py']
[2.122s] Level 1:colcon.colcon_core.package_identification:_identify(src) by extension 'python_setup_py'
[2.123s] Level 1:colcon.colcon_core.package_identification:_identify(src/test_fly_pkg) by extensions ['ignore', 'ignore_ament_install']
[2.123s] Level 1:colcon.colcon_core.package_identification:_identify(src/test_fly_pkg) by extension 'ignore'
[2.124s] Level 1:colcon.colcon_core.package_identification:_identify(src/test_fly_pkg) by extension 'ignore_ament_install'
[2.124s] Level 1:colcon.colcon_core.package_identification:_identify(src/test_fly_pkg) by extensions ['colcon_pkg']
[2.124s] Level 1:colcon.colcon_core.package_identification:_identify(src/test_fly_pkg) by extension 'colcon_pkg'
[2.124s] Level 1:colcon.colcon_core.package_identification:_identify(src/test_fly_pkg) by extensions ['colcon_meta']
[2.125s] Level 1:colcon.colcon_core.package_identification:_identify(src/test_fly_pkg) by extension 'colcon_meta'
[2.125s] Level 1:colcon.colcon_core.package_identification:_identify(src/test_fly_pkg) by extensions ['ros']
[2.125s] Level 1:colcon.colcon_core.package_identification:_identify(src/test_fly_pkg) by extension 'ros'
[2.143s] DEBUG:colcon.colcon_core.package_identification:Package 'src/test_fly_pkg' with type 'ros.ament_cmake' and name 'test_fly_pkg'
[2.144s] Level 1:colcon.colcon_core.package_discovery:discover_packages(recursive) using defaults
[2.144s] Level 1:colcon.colcon_core.package_discovery:discover_packages(ignore) discover
[2.144s] Level 1:colcon.colcon_core.package_discovery:discover_packages(ignore) using defaults
[2.144s] Level 1:colcon.colcon_core.package_discovery:discover_packages(path) discover
[2.144s] Level 1:colcon.colcon_core.package_discovery:discover_packages(path) using defaults
[2.328s] Level 1:colcon.colcon_core.package_discovery:discover_packages(prefix_path) check parameters
[2.328s] Level 1:colcon.colcon_core.package_discovery:discover_packages(prefix_path) discover
[2.354s] DEBUG:colcon.colcon_installed_package_information.package_discovery:Found 280 installed packages in /opt/ros/humble
[2.366s] Level 1:colcon.colcon_core.package_discovery:discover_packages(prefix_path) using defaults
[2.745s] Level 5:colcon.colcon_core.verb:set package 'test_fly_pkg' build argument 'cmake_args' from command line to 'None'
[2.745s] Level 5:colcon.colcon_core.verb:set package 'test_fly_pkg' build argument 'cmake_target' from command line to 'None'
[2.746s] Level 5:colcon.colcon_core.verb:set package 'test_fly_pkg' build argument 'cmake_target_skip_unavailable' from command line to 'False'
[2.746s] Level 5:colcon.colcon_core.verb:set package 'test_fly_pkg' build argument 'cmake_clean_cache' from command line to 'False'
[2.746s] Level 5:colcon.colcon_core.verb:set package 'test_fly_pkg' build argument 'cmake_clean_first' from command line to 'False'
[2.746s] Level 5:colcon.colcon_core.verb:set package 'test_fly_pkg' build argument 'cmake_force_configure' from command line to 'False'
[2.746s] Level 5:colcon.colcon_core.verb:set package 'test_fly_pkg' build argument 'ament_cmake_args' from command line to 'None'
[2.747s] Level 5:colcon.colcon_core.verb:set package 'test_fly_pkg' build argument 'catkin_cmake_args' from command line to 'None'
[2.747s] Level 5:colcon.colcon_core.verb:set package 'test_fly_pkg' build argument 'catkin_skip_building_tests' from command line to 'False'
[2.747s] DEBUG:colcon.colcon_core.verb:Building package 'test_fly_pkg' with the following arguments: {'ament_cmake_args': None, 'build_base': '/home/sunrise/workspace/fly/build/test_fly_pkg', 'catkin_cmake_args': None, 'catkin_skip_building_tests': False, 'cmake_args': None, 'cmake_clean_cache': False, 'cmake_clean_first': False, 'cmake_force_configure': False, 'cmake_target': None, 'cmake_target_skip_unavailable': False, 'install_base': '/home/sunrise/workspace/fly/install/test_fly_pkg', 'merge_install': False, 'path': '/home/sunrise/workspace/fly/src/test_fly_pkg', 'symlink_install': False, 'test_result_base': None}
[2.748s] INFO:colcon.colcon_core.executor:Executing jobs using 'parallel' executor
[2.754s] DEBUG:colcon.colcon_parallel_executor.executor.parallel:run_until_complete
[2.755s] INFO:colcon.colcon_ros.task.ament_cmake.build:Building ROS package in '/home/sunrise/workspace/fly/src/test_fly_pkg' with build type 'ament_cmake'
[2.756s] INFO:colcon.colcon_cmake.task.cmake.build:Building CMake package in '/home/sunrise/workspace/fly/src/test_fly_pkg'
[2.779s] INFO:colcon.colcon_core.plugin_system:Skipping extension 'colcon_core.shell.bat': Not used on non-Windows systems
[2.781s] INFO:colcon.colcon_core.shell:Skip shell extension 'powershell' for command environment: Not usable outside of PowerShell
[2.781s] DEBUG:colcon.colcon_core.shell:Skip shell extension 'dsv' for command environment
[2.818s] DEBUG:colcon.colcon_core.event_handler.log_command:Invoking command in '/home/sunrise/workspace/fly/build/test_fly_pkg': CMAKE_PREFIX_PATH=/opt/ros/humble /usr/bin/cmake /home/sunrise/workspace/fly/src/test_fly_pkg -DCMAKE_INSTALL_PREFIX=/home/sunrise/workspace/fly/install/test_fly_pkg
[12.629s] DEBUG:colcon.colcon_core.event_handler.log_command:Invoked command in '/home/sunrise/workspace/fly/build/test_fly_pkg' returned '0': CMAKE_PREFIX_PATH=/opt/ros/humble /usr/bin/cmake /home/sunrise/workspace/fly/src/test_fly_pkg -DCMAKE_INSTALL_PREFIX=/home/sunrise/workspace/fly/install/test_fly_pkg
[12.640s] DEBUG:colcon.colcon_core.event_handler.log_command:Invoking command in '/home/sunrise/workspace/fly/build/test_fly_pkg': CMAKE_PREFIX_PATH=/opt/ros/humble /usr/bin/cmake --build /home/sunrise/workspace/fly/build/test_fly_pkg -- -j8 -l8
[75.006s] DEBUG:colcon.colcon_core.event_handler.log_command:Invoked command in '/home/sunrise/workspace/fly/build/test_fly_pkg' returned '0': CMAKE_PREFIX_PATH=/opt/ros/humble /usr/bin/cmake --build /home/sunrise/workspace/fly/build/test_fly_pkg -- -j8 -l8
[75.057s] DEBUG:colcon.colcon_core.event_handler.log_command:Invoking command in '/home/sunrise/workspace/fly/build/test_fly_pkg': CMAKE_PREFIX_PATH=/opt/ros/humble /usr/bin/cmake --install /home/sunrise/workspace/fly/build/test_fly_pkg
[75.143s] Level 1:colcon.colcon_core.environment:create_environment_scripts_only(test_fly_pkg)
[75.146s] DEBUG:colcon.colcon_core.event_handler.log_command:Invoked command in '/home/sunrise/workspace/fly/build/test_fly_pkg' returned '0': CMAKE_PREFIX_PATH=/opt/ros/humble /usr/bin/cmake --install /home/sunrise/workspace/fly/build/test_fly_pkg
[75.175s] Level 1:colcon.colcon_core.environment:checking '/home/sunrise/workspace/fly/install/test_fly_pkg' for CMake module files
[75.179s] Level 1:colcon.colcon_core.environment:checking '/home/sunrise/workspace/fly/install/test_fly_pkg' for CMake config files
[75.181s] Level 1:colcon.colcon_core.shell:create_environment_hook('test_fly_pkg', 'cmake_prefix_path')
[75.183s] INFO:colcon.colcon_core.shell:Creating environment hook '/home/sunrise/workspace/fly/install/test_fly_pkg/share/test_fly_pkg/hook/cmake_prefix_path.ps1'
[75.189s] INFO:colcon.colcon_core.shell:Creating environment descriptor '/home/sunrise/workspace/fly/install/test_fly_pkg/share/test_fly_pkg/hook/cmake_prefix_path.dsv'
[75.192s] INFO:colcon.colcon_core.shell:Creating environment hook '/home/sunrise/workspace/fly/install/test_fly_pkg/share/test_fly_pkg/hook/cmake_prefix_path.sh'
[75.199s] Level 1:colcon.colcon_core.environment:checking '/home/sunrise/workspace/fly/install/test_fly_pkg/lib'
[75.200s] Level 1:colcon.colcon_core.environment:checking '/home/sunrise/workspace/fly/install/test_fly_pkg/bin'
[75.201s] Level 1:colcon.colcon_core.environment:checking '/home/sunrise/workspace/fly/install/test_fly_pkg/lib/pkgconfig/test_fly_pkg.pc'
[75.203s] Level 1:colcon.colcon_core.environment:checking '/home/sunrise/workspace/fly/install/test_fly_pkg/lib/python3.10/site-packages'
[75.206s] Level 1:colcon.colcon_core.environment:checking '/home/sunrise/workspace/fly/install/test_fly_pkg/bin'
[75.208s] INFO:colcon.colcon_core.shell:Creating package script '/home/sunrise/workspace/fly/install/test_fly_pkg/share/test_fly_pkg/package.ps1'
[75.218s] INFO:colcon.colcon_core.shell:Creating package descriptor '/home/sunrise/workspace/fly/install/test_fly_pkg/share/test_fly_pkg/package.dsv'
[75.222s] INFO:colcon.colcon_core.shell:Creating package script '/home/sunrise/workspace/fly/install/test_fly_pkg/share/test_fly_pkg/package.sh'
[75.230s] INFO:colcon.colcon_core.shell:Creating package script '/home/sunrise/workspace/fly/install/test_fly_pkg/share/test_fly_pkg/package.bash'
[75.237s] INFO:colcon.colcon_core.shell:Creating package script '/home/sunrise/workspace/fly/install/test_fly_pkg/share/test_fly_pkg/package.zsh'
[75.244s] Level 1:colcon.colcon_core.environment:create_file_with_runtime_dependencies(/home/sunrise/workspace/fly/install/test_fly_pkg/share/colcon-core/packages/test_fly_pkg)
[75.248s] Level 1:colcon.colcon_core.environment:create_environment_scripts_only(test_fly_pkg)
[75.250s] Level 1:colcon.colcon_core.environment:checking '/home/sunrise/workspace/fly/install/test_fly_pkg' for CMake module files
[75.253s] Level 1:colcon.colcon_core.environment:checking '/home/sunrise/workspace/fly/install/test_fly_pkg' for CMake config files
[75.255s] Level 1:colcon.colcon_core.shell:create_environment_hook('test_fly_pkg', 'cmake_prefix_path')
[75.257s] INFO:colcon.colcon_core.shell:Creating environment hook '/home/sunrise/workspace/fly/install/test_fly_pkg/share/test_fly_pkg/hook/cmake_prefix_path.ps1'
[75.260s] INFO:colcon.colcon_core.shell:Creating environment descriptor '/home/sunrise/workspace/fly/install/test_fly_pkg/share/test_fly_pkg/hook/cmake_prefix_path.dsv'
[75.262s] INFO:colcon.colcon_core.shell:Creating environment hook '/home/sunrise/workspace/fly/install/test_fly_pkg/share/test_fly_pkg/hook/cmake_prefix_path.sh'
[75.267s] Level 1:colcon.colcon_core.environment:checking '/home/sunrise/workspace/fly/install/test_fly_pkg/lib'
[75.268s] Level 1:colcon.colcon_core.environment:checking '/home/sunrise/workspace/fly/install/test_fly_pkg/bin'
[75.269s] Level 1:colcon.colcon_core.environment:checking '/home/sunrise/workspace/fly/install/test_fly_pkg/lib/pkgconfig/test_fly_pkg.pc'
[75.271s] Level 1:colcon.colcon_core.environment:checking '/home/sunrise/workspace/fly/install/test_fly_pkg/lib/python3.10/site-packages'
[75.274s] Level 1:colcon.colcon_core.environment:checking '/home/sunrise/workspace/fly/install/test_fly_pkg/bin'
[75.277s] INFO:colcon.colcon_core.shell:Creating package script '/home/sunrise/workspace/fly/install/test_fly_pkg/share/test_fly_pkg/package.ps1'
[75.283s] INFO:colcon.colcon_core.shell:Creating package descriptor '/home/sunrise/workspace/fly/install/test_fly_pkg/share/test_fly_pkg/package.dsv'
[75.287s] INFO:colcon.colcon_core.shell:Creating package script '/home/sunrise/workspace/fly/install/test_fly_pkg/share/test_fly_pkg/package.sh'
[75.292s] INFO:colcon.colcon_core.shell:Creating package script '/home/sunrise/workspace/fly/install/test_fly_pkg/share/test_fly_pkg/package.bash'
[75.296s] INFO:colcon.colcon_core.shell:Creating package script '/home/sunrise/workspace/fly/install/test_fly_pkg/share/test_fly_pkg/package.zsh'
[75.300s] Level 1:colcon.colcon_core.environment:create_file_with_runtime_dependencies(/home/sunrise/workspace/fly/install/test_fly_pkg/share/colcon-core/packages/test_fly_pkg)
[75.302s] DEBUG:colcon.colcon_parallel_executor.executor.parallel:closing loop
[75.304s] DEBUG:colcon.colcon_parallel_executor.executor.parallel:loop closed
[75.304s] DEBUG:colcon.colcon_parallel_executor.executor.parallel:run_until_complete finished with '0'
[75.305s] DEBUG:colcon.colcon_core.event_reactor:joining thread
[75.357s] INFO:colcon.colcon_core.plugin_system:Skipping extension 'colcon_notification.desktop_notification.notify_send': Could not find 'notify-send'
[75.357s] INFO:colcon.colcon_core.plugin_system:Skipping extension 'colcon_notification.desktop_notification.terminal_notifier': Not used on non-Darwin systems
[75.358s] INFO:colcon.colcon_core.plugin_system:Skipping extension 'colcon_notification.desktop_notification.win32': Not used on non-Windows systems
[75.358s] INFO:colcon.colcon_notification.desktop_notification:Sending desktop notification using 'notify2'
[75.367s] DEBUG:colcon.colcon_core.event_reactor:joined thread
[75.369s] INFO:colcon.colcon_core.shell:Creating prefix script '/home/sunrise/workspace/fly/install/local_setup.ps1'
[75.376s] INFO:colcon.colcon_core.shell:Creating prefix util module '/home/sunrise/workspace/fly/install/_local_setup_util_ps1.py'
[75.389s] INFO:colcon.colcon_core.shell:Creating prefix chain script '/home/sunrise/workspace/fly/install/setup.ps1'
[75.399s] INFO:colcon.colcon_core.shell:Creating prefix script '/home/sunrise/workspace/fly/install/local_setup.sh'
[75.404s] INFO:colcon.colcon_core.shell:Creating prefix util module '/home/sunrise/workspace/fly/install/_local_setup_util_sh.py'
[75.409s] INFO:colcon.colcon_core.shell:Creating prefix chain script '/home/sunrise/workspace/fly/install/setup.sh'
[75.417s] INFO:colcon.colcon_core.shell:Creating prefix script '/home/sunrise/workspace/fly/install/local_setup.bash'
[75.421s] INFO:colcon.colcon_core.shell:Creating prefix chain script '/home/sunrise/workspace/fly/install/setup.bash'
[75.430s] INFO:colcon.colcon_core.shell:Creating prefix script '/home/sunrise/workspace/fly/install/local_setup.zsh'
[75.435s] INFO:colcon.colcon_core.shell:Creating prefix chain script '/home/sunrise/workspace/fly/install/setup.zsh'
